{"E:\\devhome\\trae_projects\\Showcase\\src\\main.tsx": {"path":"E:\\devhome\\trae_projects\\Showcase\\src\\main.tsx","statementMap":{"0":{"start":{"line":7,"column":0},"end":{"line":13,"column":null}}},"fnMap":{},"branchMap":{},"s":{"0":0},"f":{},"b":{},"meta":{"lastBranch":0,"lastFunction":0,"lastStatement":1,"seen":{"s:7:0:13:Infinity":0}}}
,"E:\\devhome\\trae_projects\\Showcase\\src\\app\\providers.tsx": {"path":"E:\\devhome\\trae_projects\\Showcase\\src\\app\\providers.tsx","statementMap":{"0":{"start":{"line":9,"column":2},"end":{"line":14,"column":null}}},"fnMap":{"0":{"name":"Providers","decl":{"start":{"line":8,"column":16},"end":{"line":8,"column":26}},"loc":{"start":{"line":8,"column":56},"end":{"line":14,"column":null}},"line":8}},"branchMap":{},"s":{"0":0},"f":{"0":0},"b":{},"meta":{"lastBranch":0,"lastFunction":1,"lastStatement":1,"seen":{"f:8:16:8:26":0,"s:9:2:14:Infinity":0}}}
,"E:\\devhome\\trae_projects\\Showcase\\src\\app\\router.tsx": {"path":"E:\\devhome\\trae_projects\\Showcase\\src\\app\\router.tsx","statementMap":{"0":{"start":{"line":6,"column":6},"end":{"line":6,"column":null}},"1":{"start":{"line":6,"column":28},"end":{"line":6,"column":null}},"2":{"start":{"line":7,"column":6},"end":{"line":7,"column":null}},"3":{"start":{"line":7,"column":28},"end":{"line":7,"column":null}},"4":{"start":{"line":7,"column":82},"end":{"line":7,"column":null}},"5":{"start":{"line":8,"column":6},"end":{"line":8,"column":null}},"6":{"start":{"line":8,"column":34},"end":{"line":8,"column":null}},"7":{"start":{"line":8,"column":94},"end":{"line":8,"column":null}},"8":{"start":{"line":9,"column":6},"end":{"line":9,"column":null}},"9":{"start":{"line":9,"column":29},"end":{"line":9,"column":null}},"10":{"start":{"line":9,"column":85},"end":{"line":9,"column":null}},"11":{"start":{"line":10,"column":6},"end":{"line":10,"column":null}},"12":{"start":{"line":10,"column":31},"end":{"line":10,"column":null}},"13":{"start":{"line":10,"column":91},"end":{"line":10,"column":null}},"14":{"start":{"line":11,"column":6},"end":{"line":11,"column":null}},"15":{"start":{"line":11,"column":32},"end":{"line":11,"column":null}},"16":{"start":{"line":11,"column":94},"end":{"line":11,"column":null}},"17":{"start":{"line":12,"column":6},"end":{"line":12,"column":null}},"18":{"start":{"line":12,"column":33},"end":{"line":12,"column":null}},"19":{"start":{"line":12,"column":97},"end":{"line":12,"column":null}},"20":{"start":{"line":13,"column":6},"end":{"line":13,"column":null}},"21":{"start":{"line":13,"column":39},"end":{"line":13,"column":null}},"22":{"start":{"line":13,"column":116},"end":{"line":13,"column":null}},"23":{"start":{"line":14,"column":6},"end":{"line":14,"column":null}},"24":{"start":{"line":14,"column":45},"end":{"line":14,"column":null}},"25":{"start":{"line":14,"column":128},"end":{"line":14,"column":null}},"26":{"start":{"line":16,"column":6},"end":{"line":16,"column":null}},"27":{"start":{"line":16,"column":34},"end":{"line":16,"column":null}},"28":{"start":{"line":17,"column":6},"end":{"line":17,"column":null}},"29":{"start":{"line":17,"column":33},"end":{"line":17,"column":null}},"30":{"start":{"line":18,"column":6},"end":{"line":18,"column":null}},"31":{"start":{"line":18,"column":34},"end":{"line":18,"column":null}},"32":{"start":{"line":19,"column":6},"end":{"line":19,"column":null}},"33":{"start":{"line":19,"column":36},"end":{"line":19,"column":null}},"34":{"start":{"line":20,"column":6},"end":{"line":20,"column":null}},"35":{"start":{"line":20,"column":37},"end":{"line":20,"column":null}},"36":{"start":{"line":21,"column":6},"end":{"line":21,"column":null}},"37":{"start":{"line":21,"column":38},"end":{"line":21,"column":null}},"38":{"start":{"line":22,"column":6},"end":{"line":22,"column":null}},"39":{"start":{"line":22,"column":44},"end":{"line":22,"column":null}},"40":{"start":{"line":25,"column":2},"end":{"line":27,"column":null}},"41":{"start":{"line":30,"column":6},"end":{"line":171,"column":2}},"42":{"start":{"line":174,"column":2},"end":{"line":174,"column":null}}},"fnMap":{"0":{"name":"(anonymous_0)","decl":{"start":{"line":6,"column":17},"end":{"line":6,"column":28}},"loc":{"start":{"line":6,"column":28},"end":{"line":6,"column":null}},"line":6},"1":{"name":"(anonymous_1)","decl":{"start":{"line":7,"column":17},"end":{"line":7,"column":28}},"loc":{"start":{"line":7,"column":28},"end":{"line":7,"column":null}},"line":7},"2":{"name":"(anonymous_2)","decl":{"start":{"line":7,"column":74},"end":{"line":7,"column":80}},"loc":{"start":{"line":7,"column":82},"end":{"line":7,"column":null}},"line":7},"3":{"name":"(anonymous_3)","decl":{"start":{"line":8,"column":23},"end":{"line":8,"column":34}},"loc":{"start":{"line":8,"column":34},"end":{"line":8,"column":null}},"line":8},"4":{"name":"(anonymous_4)","decl":{"start":{"line":8,"column":86},"end":{"line":8,"column":92}},"loc":{"start":{"line":8,"column":94},"end":{"line":8,"column":null}},"line":8},"5":{"name":"(anonymous_5)","decl":{"start":{"line":9,"column":18},"end":{"line":9,"column":29}},"loc":{"start":{"line":9,"column":29},"end":{"line":9,"column":null}},"line":9},"6":{"name":"(anonymous_6)","decl":{"start":{"line":9,"column":77},"end":{"line":9,"column":83}},"loc":{"start":{"line":9,"column":85},"end":{"line":9,"column":null}},"line":9},"7":{"name":"(anonymous_7)","decl":{"start":{"line":10,"column":20},"end":{"line":10,"column":31}},"loc":{"start":{"line":10,"column":31},"end":{"line":10,"column":null}},"line":10},"8":{"name":"(anonymous_8)","decl":{"start":{"line":10,"column":83},"end":{"line":10,"column":89}},"loc":{"start":{"line":10,"column":91},"end":{"line":10,"column":null}},"line":10},"9":{"name":"(anonymous_9)","decl":{"start":{"line":11,"column":21},"end":{"line":11,"column":32}},"loc":{"start":{"line":11,"column":32},"end":{"line":11,"column":null}},"line":11},"10":{"name":"(anonymous_10)","decl":{"start":{"line":11,"column":86},"end":{"line":11,"column":92}},"loc":{"start":{"line":11,"column":94},"end":{"line":11,"column":null}},"line":11},"11":{"name":"(anonymous_11)","decl":{"start":{"line":12,"column":22},"end":{"line":12,"column":33}},"loc":{"start":{"line":12,"column":33},"end":{"line":12,"column":null}},"line":12},"12":{"name":"(anonymous_12)","decl":{"start":{"line":12,"column":89},"end":{"line":12,"column":95}},"loc":{"start":{"line":12,"column":97},"end":{"line":12,"column":null}},"line":12},"13":{"name":"(anonymous_13)","decl":{"start":{"line":13,"column":28},"end":{"line":13,"column":39}},"loc":{"start":{"line":13,"column":39},"end":{"line":13,"column":null}},"line":13},"14":{"name":"(anonymous_14)","decl":{"start":{"line":13,"column":108},"end":{"line":13,"column":114}},"loc":{"start":{"line":13,"column":116},"end":{"line":13,"column":null}},"line":13},"15":{"name":"(anonymous_15)","decl":{"start":{"line":14,"column":34},"end":{"line":14,"column":45}},"loc":{"start":{"line":14,"column":45},"end":{"line":14,"column":null}},"line":14},"16":{"name":"(anonymous_16)","decl":{"start":{"line":14,"column":120},"end":{"line":14,"column":126}},"loc":{"start":{"line":14,"column":128},"end":{"line":14,"column":null}},"line":14},"17":{"name":"(anonymous_17)","decl":{"start":{"line":16,"column":23},"end":{"line":16,"column":34}},"loc":{"start":{"line":16,"column":34},"end":{"line":16,"column":null}},"line":16},"18":{"name":"(anonymous_18)","decl":{"start":{"line":17,"column":22},"end":{"line":17,"column":33}},"loc":{"start":{"line":17,"column":33},"end":{"line":17,"column":null}},"line":17},"19":{"name":"(anonymous_19)","decl":{"start":{"line":18,"column":23},"end":{"line":18,"column":34}},"loc":{"start":{"line":18,"column":34},"end":{"line":18,"column":null}},"line":18},"20":{"name":"(anonymous_20)","decl":{"start":{"line":19,"column":25},"end":{"line":19,"column":36}},"loc":{"start":{"line":19,"column":36},"end":{"line":19,"column":null}},"line":19},"21":{"name":"(anonymous_21)","decl":{"start":{"line":20,"column":26},"end":{"line":20,"column":37}},"loc":{"start":{"line":20,"column":37},"end":{"line":20,"column":null}},"line":20},"22":{"name":"(anonymous_22)","decl":{"start":{"line":21,"column":27},"end":{"line":21,"column":38}},"loc":{"start":{"line":21,"column":38},"end":{"line":21,"column":null}},"line":21},"23":{"name":"(anonymous_23)","decl":{"start":{"line":22,"column":33},"end":{"line":22,"column":44}},"loc":{"start":{"line":22,"column":44},"end":{"line":22,"column":null}},"line":22},"24":{"name":"AppRouter","decl":{"start":{"line":173,"column":16},"end":{"line":173,"column":28}},"loc":{"start":{"line":173,"column":28},"end":{"line":174,"column":null}},"line":173}},"branchMap":{},"s":{"0":0,"1":0,"2":0,"3":0,"4":0,"5":0,"6":0,"7":0,"8":0,"9":0,"10":0,"11":0,"12":0,"13":0,"14":0,"15":0,"16":0,"17":0,"18":0,"19":0,"20":0,"21":0,"22":0,"23":0,"24":0,"25":0,"26":0,"27":0,"28":0,"29":0,"30":0,"31":0,"32":0,"33":0,"34":0,"35":0,"36":0,"37":0,"38":0,"39":0,"40":0,"41":0,"42":0},"f":{"0":0,"1":0,"2":0,"3":0,"4":0,"5":0,"6":0,"7":0,"8":0,"9":0,"10":0,"11":0,"12":0,"13":0,"14":0,"15":0,"16":0,"17":0,"18":0,"19":0,"20":0,"21":0,"22":0,"23":0,"24":0},"b":{},"meta":{"lastBranch":0,"lastFunction":25,"lastStatement":43,"seen":{"s:6:6:6:Infinity":0,"f:6:17:6:28":0,"s:6:28:6:Infinity":1,"s:7:6:7:Infinity":2,"f:7:17:7:28":1,"s:7:28:7:Infinity":3,"f:7:74:7:80":2,"s:7:82:7:Infinity":4,"s:8:6:8:Infinity":5,"f:8:23:8:34":3,"s:8:34:8:Infinity":6,"f:8:86:8:92":4,"s:8:94:8:Infinity":7,"s:9:6:9:Infinity":8,"f:9:18:9:29":5,"s:9:29:9:Infinity":9,"f:9:77:9:83":6,"s:9:85:9:Infinity":10,"s:10:6:10:Infinity":11,"f:10:20:10:31":7,"s:10:31:10:Infinity":12,"f:10:83:10:89":8,"s:10:91:10:Infinity":13,"s:11:6:11:Infinity":14,"f:11:21:11:32":9,"s:11:32:11:Infinity":15,"f:11:86:11:92":10,"s:11:94:11:Infinity":16,"s:12:6:12:Infinity":17,"f:12:22:12:33":11,"s:12:33:12:Infinity":18,"f:12:89:12:95":12,"s:12:97:12:Infinity":19,"s:13:6:13:Infinity":20,"f:13:28:13:39":13,"s:13:39:13:Infinity":21,"f:13:108:13:114":14,"s:13:116:13:Infinity":22,"s:14:6:14:Infinity":23,"f:14:34:14:45":15,"s:14:45:14:Infinity":24,"f:14:120:14:126":16,"s:14:128:14:Infinity":25,"s:16:6:16:Infinity":26,"f:16:23:16:34":17,"s:16:34:16:Infinity":27,"s:17:6:17:Infinity":28,"f:17:22:17:33":18,"s:17:33:17:Infinity":29,"s:18:6:18:Infinity":30,"f:18:23:18:34":19,"s:18:34:18:Infinity":31,"s:19:6:19:Infinity":32,"f:19:25:19:36":20,"s:19:36:19:Infinity":33,"s:20:6:20:Infinity":34,"f:20:26:20:37":21,"s:20:37:20:Infinity":35,"s:21:6:21:Infinity":36,"f:21:27:21:38":22,"s:21:38:21:Infinity":37,"s:22:6:22:Infinity":38,"f:22:33:22:44":23,"s:22:44:22:Infinity":39,"s:25:2:27:Infinity":40,"s:30:6:171:2":41,"f:173:16:173:28":24,"s:174:2:174:Infinity":42}}}
,"E:\\devhome\\trae_projects\\Showcase\\src\\components\\Card.tsx": {"path":"E:\\devhome\\trae_projects\\Showcase\\src\\components\\Card.tsx","statementMap":{"0":{"start":{"line":9,"column":2},"end":{"line":12,"column":null}}},"fnMap":{"0":{"name":"Card","decl":{"start":{"line":8,"column":16},"end":{"line":8,"column":21}},"loc":{"start":{"line":8,"column":62},"end":{"line":12,"column":null}},"line":8}},"branchMap":{"0":{"loc":{"start":{"line":8,"column":33},"end":{"line":8,"column":62}},"type":"default-arg","locations":[{"start":{"line":8,"column":45},"end":{"line":8,"column":62}}],"line":8}},"s":{"0":8},"f":{"0":8},"b":{"0":[8]},"meta":{"lastBranch":1,"lastFunction":1,"lastStatement":1,"seen":{"f:8:16:8:21":0,"b:8:45:8:62":0,"s:9:2:12:Infinity":0}}}
,"E:\\devhome\\trae_projects\\Showcase\\src\\components\\SearchInput.tsx": {"path":"E:\\devhome\\trae_projects\\Showcase\\src\\components\\SearchInput.tsx","statementMap":{"0":{"start":{"line":5,"column":13},"end":{"line":16,"column":null}},"1":{"start":{"line":7,"column":4},"end":{"line":13,"column":null}},"2":{"start":{"line":18,"column":0},"end":{"line":18,"column":null}}},"fnMap":{"0":{"name":"(anonymous_0)","decl":{"start":{"line":5,"column":27},"end":{"line":5,"column":null}},"loc":{"start":{"line":6,"column":41},"end":{"line":16,"column":null}},"line":6}},"branchMap":{"0":{"loc":{"start":{"line":6,"column":5},"end":{"line":6,"column":21}},"type":"default-arg","locations":[{"start":{"line":6,"column":17},"end":{"line":6,"column":21}}],"line":6}},"s":{"0":2,"1":3,"2":2},"f":{"0":3},"b":{"0":[3]},"meta":{"lastBranch":1,"lastFunction":1,"lastStatement":3,"seen":{"s:5:13:16:Infinity":0,"f:5:27:5:Infinity":0,"b:6:17:6:21":0,"s:7:4:13:Infinity":1,"s:18:0:18:Infinity":2}}}
,"E:\\devhome\\trae_projects\\Showcase\\src\\components\\Tag.tsx": {"path":"E:\\devhome\\trae_projects\\Showcase\\src\\components\\Tag.tsx","statementMap":{"0":{"start":{"line":11,"column":25},"end":{"line":17,"column":null}},"1":{"start":{"line":19,"column":2},"end":{"line":25,"column":null}}},"fnMap":{"0":{"name":"Tag","decl":{"start":{"line":10,"column":16},"end":{"line":10,"column":20}},"loc":{"start":{"line":10,"column":90},"end":{"line":25,"column":null}},"line":10}},"branchMap":{"0":{"loc":{"start":{"line":10,"column":32},"end":{"line":10,"column":48}},"type":"default-arg","locations":[{"start":{"line":10,"column":44},"end":{"line":10,"column":48}}],"line":10},"1":{"loc":{"start":{"line":10,"column":48},"end":{"line":10,"column":69}},"type":"default-arg","locations":[{"start":{"line":10,"column":58},"end":{"line":10,"column":69}}],"line":10},"2":{"loc":{"start":{"line":21,"column":128},"end":{"line":21,"column":null}},"type":"cond-expr","locations":[{"start":{"line":21,"column":138},"end":{"line":21,"column":157}},{"start":{"line":21,"column":157},"end":{"line":21,"column":null}}],"line":21}},"s":{"0":3,"1":3},"f":{"0":3},"b":{"0":[3],"1":[3],"2":[1,2]},"meta":{"lastBranch":3,"lastFunction":1,"lastStatement":2,"seen":{"f:10:16:10:20":0,"b:10:44:10:48":0,"b:10:58:10:69":1,"s:11:25:17:Infinity":0,"s:19:2:25:Infinity":1,"b:21:138:21:157:21:157:21:Infinity":2}}}
,"E:\\devhome\\trae_projects\\Showcase\\src\\components\\ThemeToggle.tsx": {"path":"E:\\devhome\\trae_projects\\Showcase\\src\\components\\ThemeToggle.tsx","statementMap":{"0":{"start":{"line":5,"column":17},"end":{"line":5,"column":43}},"1":{"start":{"line":7,"column":2},"end":{"line":19,"column":null}}},"fnMap":{"0":{"name":"ThemeToggle","decl":{"start":{"line":4,"column":16},"end":{"line":4,"column":30}},"loc":{"start":{"line":4,"column":30},"end":{"line":19,"column":null}},"line":4}},"branchMap":{"0":{"loc":{"start":{"line":11,"column":24},"end":{"line":11,"column":55}},"type":"cond-expr","locations":[{"start":{"line":11,"column":43},"end":{"line":11,"column":50}},{"start":{"line":11,"column":50},"end":{"line":11,"column":55}}],"line":11},"1":{"loc":{"start":{"line":12,"column":19},"end":{"line":12,"column":50}},"type":"cond-expr","locations":[{"start":{"line":12,"column":38},"end":{"line":12,"column":45}},{"start":{"line":12,"column":45},"end":{"line":12,"column":50}}],"line":12},"2":{"loc":{"start":{"line":14,"column":7},"end":{"line":17,"column":null}},"type":"cond-expr","locations":[{"start":{"line":15,"column":8},"end":{"line":17,"column":9}},{"start":{"line":17,"column":8},"end":{"line":17,"column":null}}],"line":14}},"s":{"0":0,"1":0},"f":{"0":0},"b":{"0":[0,0],"1":[0,0],"2":[0,0]},"meta":{"lastBranch":3,"lastFunction":1,"lastStatement":2,"seen":{"f:4:16:4:30":0,"s:5:17:5:43":0,"s:7:2:19:Infinity":1,"b:11:43:11:50:11:50:11:55":0,"b:12:38:12:45:12:45:12:50":1,"b:15:8:17:9:17:8:17:Infinity":2}}}
,"E:\\devhome\\trae_projects\\Showcase\\src\\components\\index.ts": {"path":"E:\\devhome\\trae_projects\\Showcase\\src\\components\\index.ts","statementMap":{},"fnMap":{},"branchMap":{},"s":{},"f":{},"b":{},"meta":{"lastBranch":0,"lastFunction":0,"lastStatement":0,"seen":{}}}
,"E:\\devhome\\trae_projects\\Showcase\\src\\data\\news.ts": {"path":"E:\\devhome\\trae_projects\\Showcase\\src\\data\\news.ts","statementMap":{"0":{"start":{"line":1,"column":24},"end":{"line":21,"column":null}}},"fnMap":{},"branchMap":{},"s":{"0":0},"f":{},"b":{},"meta":{"lastBranch":0,"lastFunction":0,"lastStatement":1,"seen":{"s:1:24:21:Infinity":0}}}
,"E:\\devhome\\trae_projects\\Showcase\\src\\data\\projects.ts": {"path":"E:\\devhome\\trae_projects\\Showcase\\src\\data\\projects.ts","statementMap":{"0":{"start":{"line":1,"column":28},"end":{"line":20,"column":null}}},"fnMap":{},"branchMap":{},"s":{"0":0},"f":{},"b":{},"meta":{"lastBranch":0,"lastFunction":0,"lastStatement":1,"seen":{"s:1:28:20:Infinity":0}}}
,"E:\\devhome\\trae_projects\\Showcase\\src\\data\\prompts.ts": {"path":"E:\\devhome\\trae_projects\\Showcase\\src\\data\\prompts.ts","statementMap":{"0":{"start":{"line":1,"column":27},"end":{"line":19,"column":null}}},"fnMap":{},"branchMap":{},"s":{"0":0},"f":{},"b":{},"meta":{"lastBranch":0,"lastFunction":0,"lastStatement":1,"seen":{"s:1:27:19:Infinity":0}}}
,"E:\\devhome\\trae_projects\\Showcase\\src\\data\\tools.ts": {"path":"E:\\devhome\\trae_projects\\Showcase\\src\\data\\tools.ts","statementMap":{"0":{"start":{"line":1,"column":25},"end":{"line":23,"column":null}}},"fnMap":{},"branchMap":{},"s":{"0":0},"f":{},"b":{},"meta":{"lastBranch":0,"lastFunction":0,"lastStatement":1,"seen":{"s:1:25:23:Infinity":0}}}
,"E:\\devhome\\trae_projects\\Showcase\\src\\features\\admin\\components\\AdminModal.tsx": {"path":"E:\\devhome\\trae_projects\\Showcase\\src\\features\\admin\\components\\AdminModal.tsx","statementMap":{"0":{"start":{"line":12,"column":2},"end":{"line":12,"column":null}},"1":{"start":{"line":12,"column":15},"end":{"line":12,"column":null}},"2":{"start":{"line":14,"column":2},"end":{"line":31,"column":null}}},"fnMap":{"0":{"name":"AdminModal","decl":{"start":{"line":11,"column":16},"end":{"line":11,"column":27}},"loc":{"start":{"line":11,"column":82},"end":{"line":31,"column":null}},"line":11}},"branchMap":{"0":{"loc":{"start":{"line":12,"column":2},"end":{"line":12,"column":null}},"type":"if","locations":[{"start":{"line":12,"column":2},"end":{"line":12,"column":null}},{"start":{},"end":{}}],"line":12}},"s":{"0":7,"1":1,"2":6},"f":{"0":7},"b":{"0":[1,6]},"meta":{"lastBranch":1,"lastFunction":1,"lastStatement":3,"seen":{"f:11:16:11:27":0,"b:12:2:12:Infinity:undefined:undefined:undefined:undefined":0,"s:12:2:12:Infinity":0,"s:12:15:12:Infinity":1,"s:14:2:31:Infinity":2}}}
,"E:\\devhome\\trae_projects\\Showcase\\src\\features\\admin\\hooks\\useAdminPage.ts": {"path":"E:\\devhome\\trae_projects\\Showcase\\src\\features\\admin\\hooks\\useAdminPage.ts","statementMap":{"0":{"start":{"line":16,"column":98},"end":{"line":16,"column":null}},"1":{"start":{"line":18,"column":22},"end":{"line":18,"column":52}},"2":{"start":{"line":19,"column":20},"end":{"line":19,"column":51}},"3":{"start":{"line":20,"column":22},"end":{"line":20,"column":64}},"4":{"start":{"line":21,"column":19},"end":{"line":21,"column":75}},"5":{"start":{"line":23,"column":24},"end":{"line":26,"column":null}},"6":{"start":{"line":24,"column":4},"end":{"line":25,"column":null}},"7":{"start":{"line":25,"column":6},"end":{"line":25,"column":61}},"8":{"start":{"line":29,"column":8},"end":{"line":38,"column":43}},"9":{"start":{"line":30,"column":4},"end":{"line":35,"column":null}},"10":{"start":{"line":31,"column":6},"end":{"line":31,"column":null}},"11":{"start":{"line":32,"column":6},"end":{"line":32,"column":null}},"12":{"start":{"line":34,"column":6},"end":{"line":34,"column":null}},"13":{"start":{"line":35,"column":6},"end":{"line":35,"column":null}},"14":{"start":{"line":37,"column":4},"end":{"line":37,"column":null}},"15":{"start":{"line":40,"column":8},"end":{"line":43,"column":8}},"16":{"start":{"line":41,"column":4},"end":{"line":41,"column":null}},"17":{"start":{"line":42,"column":4},"end":{"line":42,"column":null}},"18":{"start":{"line":45,"column":8},"end":{"line":54,"column":64}},"19":{"start":{"line":46,"column":4},"end":{"line":46,"column":null}},"20":{"start":{"line":48,"column":4},"end":{"line":51,"column":null}},"21":{"start":{"line":49,"column":6},"end":{"line":49,"column":null}},"22":{"start":{"line":51,"column":6},"end":{"line":51,"column":null}},"23":{"start":{"line":53,"column":4},"end":{"line":53,"column":null}},"24":{"start":{"line":56,"column":8},"end":{"line":60,"column":16}},"25":{"start":{"line":57,"column":4},"end":{"line":58,"column":null}},"26":{"start":{"line":58,"column":6},"end":{"line":58,"column":null}},"27":{"start":{"line":62,"column":2},"end":{"line":74,"column":null}}},"fnMap":{"0":{"name":"useAdminPage","decl":{"start":{"line":13,"column":16},"end":{"line":13,"column":null}},"loc":{"start":{"line":15,"column":2},"end":{"line":74,"column":null}},"line":15},"1":{"name":"(anonymous_1)","decl":{"start":{"line":23,"column":30},"end":{"line":23,"column":37}},"loc":{"start":{"line":24,"column":4},"end":{"line":25,"column":null}},"line":24},"2":{"name":"(anonymous_2)","decl":{"start":{"line":24,"column":23},"end":{"line":24,"column":28}},"loc":{"start":{"line":25,"column":6},"end":{"line":25,"column":61}},"line":25},"3":{"name":"(anonymous_3)","decl":{"start":{"line":29,"column":26},"end":{"line":29,"column":39}},"loc":{"start":{"line":29,"column":52},"end":{"line":38,"column":6}},"line":29},"4":{"name":"(anonymous_4)","decl":{"start":{"line":40,"column":27},"end":{"line":40,"column":45}},"loc":{"start":{"line":40,"column":45},"end":{"line":43,"column":7}},"line":40},"5":{"name":"(anonymous_5)","decl":{"start":{"line":45,"column":23},"end":{"line":45,"column":36}},"loc":{"start":{"line":45,"column":59},"end":{"line":54,"column":6}},"line":45},"6":{"name":"(anonymous_6)","decl":{"start":{"line":56,"column":23},"end":{"line":56,"column":36}},"loc":{"start":{"line":56,"column":51},"end":{"line":60,"column":6}},"line":56}},"branchMap":{"0":{"loc":{"start":{"line":30,"column":4},"end":{"line":35,"column":null}},"type":"if","locations":[{"start":{"line":30,"column":4},"end":{"line":35,"column":null}},{"start":{"line":33,"column":11},"end":{"line":35,"column":null}}],"line":30},"1":{"loc":{"start":{"line":48,"column":4},"end":{"line":51,"column":null}},"type":"if","locations":[{"start":{"line":48,"column":4},"end":{"line":51,"column":null}},{"start":{"line":50,"column":11},"end":{"line":51,"column":null}}],"line":48},"2":{"loc":{"start":{"line":57,"column":4},"end":{"line":58,"column":null}},"type":"if","locations":[{"start":{"line":57,"column":4},"end":{"line":58,"column":null}},{"start":{},"end":{}}],"line":57}},"s":{"0":27,"1":27,"2":27,"3":27,"4":27,"5":27,"6":73,"7":81,"8":27,"9":5,"10":2,"11":2,"12":3,"13":3,"14":5,"15":27,"16":1,"17":1,"18":27,"19":0,"20":0,"21":0,"22":0,"23":0,"24":27,"25":2,"26":1,"27":27},"f":{"0":27,"1":73,"2":81,"3":5,"4":1,"5":0,"6":2},"b":{"0":[2,3],"1":[0,0],"2":[1,1]},"meta":{"lastBranch":3,"lastFunction":7,"lastStatement":28,"seen":{"f:13:16:13:Infinity":0,"s:16:98:16:Infinity":0,"s:18:22:18:52":1,"s:19:20:19:51":2,"s:20:22:20:64":3,"s:21:19:21:75":4,"s:23:24:26:Infinity":5,"f:23:30:23:37":1,"s:24:4:25:Infinity":6,"f:24:23:24:28":2,"s:25:6:25:61":7,"s:29:8:38:43":8,"f:29:26:29:39":3,"b:30:4:35:Infinity:33:11:35:Infinity":0,"s:30:4:35:Infinity":9,"s:31:6:31:Infinity":10,"s:32:6:32:Infinity":11,"s:34:6:34:Infinity":12,"s:35:6:35:Infinity":13,"s:37:4:37:Infinity":14,"s:40:8:43:8":15,"f:40:27:40:45":4,"s:41:4:41:Infinity":16,"s:42:4:42:Infinity":17,"s:45:8:54:64":18,"f:45:23:45:36":5,"s:46:4:46:Infinity":19,"b:48:4:51:Infinity:50:11:51:Infinity":1,"s:48:4:51:Infinity":20,"s:49:6:49:Infinity":21,"s:51:6:51:Infinity":22,"s:53:4:53:Infinity":23,"s:56:8:60:16":24,"f:56:23:56:36":6,"b:57:4:58:Infinity:undefined:undefined:undefined:undefined":2,"s:57:4:58:Infinity":25,"s:58:6:58:Infinity":26,"s:62:2:74:Infinity":27}}}
,"E:\\devhome\\trae_projects\\Showcase\\src\\features\\admin\\pages\\AdminDashboard.tsx": {"path":"E:\\devhome\\trae_projects\\Showcase\\src\\features\\admin\\pages\\AdminDashboard.tsx","statementMap":{"0":{"start":{"line":7,"column":2},"end":{"line":7,"column":null}},"1":{"start":{"line":8,"column":64},"end":{"line":8,"column":83}},"2":{"start":{"line":10,"column":16},"end":{"line":59,"column":null}},"3":{"start":{"line":61,"column":2},"end":{"line":158,"column":null}},"4":{"start":{"line":72,"column":10},"end":{"line":84,"column":null}}},"fnMap":{"0":{"name":"AdminDashboard","decl":{"start":{"line":6,"column":24},"end":{"line":6,"column":41}},"loc":{"start":{"line":6,"column":41},"end":{"line":158,"column":null}},"line":6},"1":{"name":"(anonymous_1)","decl":{"start":{"line":71,"column":15},"end":{"line":71,"column":20}},"loc":{"start":{"line":72,"column":10},"end":{"line":84,"column":null}},"line":72}},"branchMap":{},"s":{"0":0,"1":0,"2":0,"3":0,"4":0},"f":{"0":0,"1":0},"b":{},"meta":{"lastBranch":0,"lastFunction":2,"lastStatement":5,"seen":{"f:6:24:6:41":0,"s:7:2:7:Infinity":0,"s:8:64:8:83":1,"s:10:16:59:Infinity":2,"s:61:2:158:Infinity":3,"f:71:15:71:20":1,"s:72:10:84:Infinity":4}}}
,"E:\\devhome\\trae_projects\\Showcase\\src\\features\\admin\\pages\\LearningJournalAdminPage.tsx": {"path":"E:\\devhome\\trae_projects\\Showcase\\src\\features\\admin\\pages\\LearningJournalAdminPage.tsx","statementMap":{"0":{"start":{"line":8,"column":27},"end":{"line":18,"column":null}},"1":{"start":{"line":21,"column":2},"end":{"line":21,"column":null}},"2":{"start":{"line":22,"column":71},"end":{"line":22,"column":106}},"3":{"start":{"line":24,"column":26},"end":{"line":31,"column":null}},"4":{"start":{"line":43,"column":4},"end":{"line":59,"column":4}},"5":{"start":{"line":49,"column":30},"end":{"line":49,"column":null}},"6":{"start":{"line":50,"column":32},"end":{"line":57,"column":null}},"7":{"start":{"line":58,"column":28},"end":{"line":58,"column":null}},"8":{"start":{"line":61,"column":8},"end":{"line":75,"column":null}},"9":{"start":{"line":62,"column":4},"end":{"line":62,"column":null}},"10":{"start":{"line":63,"column":17},"end":{"line":63,"column":76}},"11":{"start":{"line":63,"column":51},"end":{"line":63,"column":59}},"12":{"start":{"line":65,"column":23},"end":{"line":68,"column":null}},"13":{"start":{"line":70,"column":4},"end":{"line":73,"column":null}},"14":{"start":{"line":71,"column":6},"end":{"line":71,"column":null}},"15":{"start":{"line":73,"column":6},"end":{"line":73,"column":null}},"16":{"start":{"line":75,"column":4},"end":{"line":75,"column":null}},"17":{"start":{"line":78,"column":2},"end":{"line":262,"column":null}},"18":{"start":{"line":86,"column":25},"end":{"line":86,"column":42}},"19":{"start":{"line":98,"column":27},"end":{"line":98,"column":57}},"20":{"start":{"line":118,"column":16},"end":{"line":158,"column":null}},"21":{"start":{"line":143,"column":39},"end":{"line":143,"column":60}},"22":{"start":{"line":150,"column":39},"end":{"line":150,"column":60}},"23":{"start":{"line":181,"column":29},"end":{"line":181,"column":86}},"24":{"start":{"line":181,"column":50},"end":{"line":181,"column":86}},"25":{"start":{"line":192,"column":31},"end":{"line":192,"column":91}},"26":{"start":{"line":192,"column":52},"end":{"line":192,"column":91}},"27":{"start":{"line":196,"column":18},"end":{"line":196,"column":null}},"28":{"start":{"line":205,"column":31},"end":{"line":205,"column":93}},"29":{"start":{"line":205,"column":52},"end":{"line":205,"column":93}},"30":{"start":{"line":215,"column":29},"end":{"line":215,"column":88}},"31":{"start":{"line":215,"column":50},"end":{"line":215,"column":88}},"32":{"start":{"line":229,"column":29},"end":{"line":229,"column":88}},"33":{"start":{"line":229,"column":50},"end":{"line":229,"column":88}},"34":{"start":{"line":241,"column":29},"end":{"line":241,"column":85}},"35":{"start":{"line":241,"column":50},"end":{"line":241,"column":85}}},"fnMap":{"0":{"name":"LearningJournalAdminPage","decl":{"start":{"line":20,"column":24},"end":{"line":20,"column":51}},"loc":{"start":{"line":20,"column":51},"end":{"line":262,"column":null}},"line":20},"1":{"name":"(anonymous_1)","decl":{"start":{"line":49,"column":4},"end":{"line":49,"column":30}},"loc":{"start":{"line":49,"column":30},"end":{"line":49,"column":null}},"line":49},"2":{"name":"(anonymous_2)","decl":{"start":{"line":50,"column":4},"end":{"line":50,"column":22}},"loc":{"start":{"line":50,"column":32},"end":{"line":57,"column":null}},"line":50},"3":{"name":"(anonymous_3)","decl":{"start":{"line":58,"column":4},"end":{"line":58,"column":19}},"loc":{"start":{"line":58,"column":28},"end":{"line":58,"column":null}},"line":58},"4":{"name":"(anonymous_4)","decl":{"start":{"line":61,"column":8},"end":{"line":61,"column":28}},"loc":{"start":{"line":61,"column":51},"end":{"line":75,"column":null}},"line":61},"5":{"name":"(anonymous_5)","decl":{"start":{"line":63,"column":42},"end":{"line":63,"column":46}},"loc":{"start":{"line":63,"column":51},"end":{"line":63,"column":59}},"line":63},"6":{"name":"(anonymous_6)","decl":{"start":{"line":86,"column":10},"end":{"line":86,"column":25}},"loc":{"start":{"line":86,"column":25},"end":{"line":86,"column":42}},"line":86},"7":{"name":"(anonymous_7)","decl":{"start":{"line":98,"column":10},"end":{"line":98,"column":21}},"loc":{"start":{"line":98,"column":27},"end":{"line":98,"column":57}},"line":98},"8":{"name":"(anonymous_8)","decl":{"start":{"line":117,"column":32},"end":{"line":117,"column":37}},"loc":{"start":{"line":118,"column":16},"end":{"line":158,"column":null}},"line":118},"9":{"name":"(anonymous_9)","decl":{"start":{"line":143,"column":24},"end":{"line":143,"column":39}},"loc":{"start":{"line":143,"column":39},"end":{"line":143,"column":60}},"line":143},"10":{"name":"(anonymous_10)","decl":{"start":{"line":150,"column":24},"end":{"line":150,"column":39}},"loc":{"start":{"line":150,"column":39},"end":{"line":150,"column":60}},"line":150},"11":{"name":"(anonymous_11)","decl":{"start":{"line":181,"column":14},"end":{"line":181,"column":24}},"loc":{"start":{"line":181,"column":29},"end":{"line":181,"column":86}},"line":181},"12":{"name":"(anonymous_12)","decl":{"start":{"line":181,"column":29},"end":{"line":181,"column":41}},"loc":{"start":{"line":181,"column":50},"end":{"line":181,"column":86}},"line":181},"13":{"name":"(anonymous_13)","decl":{"start":{"line":192,"column":16},"end":{"line":192,"column":26}},"loc":{"start":{"line":192,"column":31},"end":{"line":192,"column":91}},"line":192},"14":{"name":"(anonymous_14)","decl":{"start":{"line":192,"column":31},"end":{"line":192,"column":43}},"loc":{"start":{"line":192,"column":52},"end":{"line":192,"column":91}},"line":192},"15":{"name":"(anonymous_15)","decl":{"start":{"line":195,"column":36},"end":{"line":195,"column":40}},"loc":{"start":{"line":196,"column":18},"end":{"line":196,"column":null}},"line":196},"16":{"name":"(anonymous_16)","decl":{"start":{"line":205,"column":16},"end":{"line":205,"column":26}},"loc":{"start":{"line":205,"column":31},"end":{"line":205,"column":93}},"line":205},"17":{"name":"(anonymous_17)","decl":{"start":{"line":205,"column":31},"end":{"line":205,"column":43}},"loc":{"start":{"line":205,"column":52},"end":{"line":205,"column":93}},"line":205},"18":{"name":"(anonymous_18)","decl":{"start":{"line":215,"column":14},"end":{"line":215,"column":24}},"loc":{"start":{"line":215,"column":29},"end":{"line":215,"column":88}},"line":215},"19":{"name":"(anonymous_19)","decl":{"start":{"line":215,"column":29},"end":{"line":215,"column":41}},"loc":{"start":{"line":215,"column":50},"end":{"line":215,"column":88}},"line":215},"20":{"name":"(anonymous_20)","decl":{"start":{"line":229,"column":14},"end":{"line":229,"column":24}},"loc":{"start":{"line":229,"column":29},"end":{"line":229,"column":88}},"line":229},"21":{"name":"(anonymous_21)","decl":{"start":{"line":229,"column":29},"end":{"line":229,"column":41}},"loc":{"start":{"line":229,"column":50},"end":{"line":229,"column":88}},"line":229},"22":{"name":"(anonymous_22)","decl":{"start":{"line":241,"column":14},"end":{"line":241,"column":24}},"loc":{"start":{"line":241,"column":29},"end":{"line":241,"column":85}},"line":241},"23":{"name":"(anonymous_23)","decl":{"start":{"line":241,"column":29},"end":{"line":241,"column":41}},"loc":{"start":{"line":241,"column":50},"end":{"line":241,"column":85}},"line":241}},"branchMap":{"0":{"loc":{"start":{"line":56,"column":18},"end":{"line":56,"column":null}},"type":"binary-expr","locations":[{"start":{"line":56,"column":18},"end":{"line":56,"column":37}},{"start":{"line":56,"column":37},"end":{"line":56,"column":null}}],"line":56},"1":{"loc":{"start":{"line":70,"column":4},"end":{"line":73,"column":null}},"type":"if","locations":[{"start":{"line":70,"column":4},"end":{"line":73,"column":null}},{"start":{"line":72,"column":11},"end":{"line":73,"column":null}}],"line":70},"2":{"loc":{"start":{"line":163,"column":9},"end":{"line":166,"column":null}},"type":"binary-expr","locations":[{"start":{"line":163,"column":9},"end":{"line":163,"column":null}},{"start":{"line":164,"column":10},"end":{"line":166,"column":null}}],"line":163},"3":{"loc":{"start":{"line":173,"column":15},"end":{"line":173,"column":null}},"type":"cond-expr","locations":[{"start":{"line":173,"column":29},"end":{"line":173,"column":40}},{"start":{"line":173,"column":40},"end":{"line":173,"column":null}}],"line":173},"4":{"loc":{"start":{"line":258,"column":15},"end":{"line":258,"column":null}},"type":"cond-expr","locations":[{"start":{"line":258,"column":29},"end":{"line":258,"column":36}},{"start":{"line":258,"column":36},"end":{"line":258,"column":null}}],"line":258}},"s":{"0":0,"1":0,"2":0,"3":0,"4":0,"5":0,"6":0,"7":0,"8":0,"9":0,"10":0,"11":0,"12":0,"13":0,"14":0,"15":0,"16":0,"17":0,"18":0,"19":0,"20":0,"21":0,"22":0,"23":0,"24":0,"25":0,"26":0,"27":0,"28":0,"29":0,"30":0,"31":0,"32":0,"33":0,"34":0,"35":0},"f":{"0":0,"1":0,"2":0,"3":0,"4":0,"5":0,"6":0,"7":0,"8":0,"9":0,"10":0,"11":0,"12":0,"13":0,"14":0,"15":0,"16":0,"17":0,"18":0,"19":0,"20":0,"21":0,"22":0,"23":0},"b":{"0":[0,0],"1":[0,0],"2":[0,0],"3":[0,0],"4":[0,0]},"meta":{"lastBranch":5,"lastFunction":24,"lastStatement":36,"seen":{"s:8:27:18:Infinity":0,"f:20:24:20:51":0,"s:21:2:21:Infinity":1,"s:22:71:22:106":2,"s:24:26:31:Infinity":3,"s:43:4:59:4":4,"f:49:4:49:30":1,"s:49:30:49:Infinity":5,"f:50:4:50:22":2,"s:50:32:57:Infinity":6,"b:56:18:56:37:56:37:56:Infinity":0,"f:58:4:58:19":3,"s:58:28:58:Infinity":7,"s:61:8:75:Infinity":8,"f:61:8:61:28":4,"s:62:4:62:Infinity":9,"s:63:17:63:76":10,"f:63:42:63:46":5,"s:63:51:63:59":11,"s:65:23:68:Infinity":12,"b:70:4:73:Infinity:72:11:73:Infinity":1,"s:70:4:73:Infinity":13,"s:71:6:71:Infinity":14,"s:73:6:73:Infinity":15,"s:75:4:75:Infinity":16,"s:78:2:262:Infinity":17,"f:86:10:86:25":6,"s:86:25:86:42":18,"f:98:10:98:21":7,"s:98:27:98:57":19,"f:117:32:117:37":8,"s:118:16:158:Infinity":20,"f:143:24:143:39":9,"s:143:39:143:60":21,"f:150:24:150:39":10,"s:150:39:150:60":22,"b:163:9:163:Infinity:164:10:166:Infinity":2,"b:173:29:173:40:173:40:173:Infinity":3,"f:181:14:181:24":11,"s:181:29:181:86":23,"f:181:29:181:41":12,"s:181:50:181:86":24,"f:192:16:192:26":13,"s:192:31:192:91":25,"f:192:31:192:43":14,"s:192:52:192:91":26,"f:195:36:195:40":15,"s:196:18:196:Infinity":27,"f:205:16:205:26":16,"s:205:31:205:93":28,"f:205:31:205:43":17,"s:205:52:205:93":29,"f:215:14:215:24":18,"s:215:29:215:88":30,"f:215:29:215:41":19,"s:215:50:215:88":31,"f:229:14:229:24":20,"s:229:29:229:88":32,"f:229:29:229:41":21,"s:229:50:229:88":33,"f:241:14:241:24":22,"s:241:29:241:85":34,"f:241:29:241:41":23,"s:241:50:241:85":35,"b:258:29:258:36:258:36:258:Infinity":4}}}
,"E:\\devhome\\trae_projects\\Showcase\\src\\features\\admin\\pages\\NewsAdminPage.tsx": {"path":"E:\\devhome\\trae_projects\\Showcase\\src\\features\\admin\\pages\\NewsAdminPage.tsx","statementMap":{"0":{"start":{"line":9,"column":2},"end":{"line":9,"column":null}},"1":{"start":{"line":10,"column":37},"end":{"line":10,"column":61}},"2":{"start":{"line":11,"column":22},"end":{"line":11,"column":52}},"3":{"start":{"line":12,"column":20},"end":{"line":12,"column":51}},"4":{"start":{"line":13,"column":22},"end":{"line":13,"column":71}},"5":{"start":{"line":14,"column":19},"end":{"line":20,"column":4}},"6":{"start":{"line":22,"column":8},"end":{"line":42,"column":null}},"7":{"start":{"line":23,"column":4},"end":{"line":40,"column":null}},"8":{"start":{"line":24,"column":6},"end":{"line":24,"column":null}},"9":{"start":{"line":25,"column":6},"end":{"line":31,"column":null}},"10":{"start":{"line":33,"column":6},"end":{"line":33,"column":null}},"11":{"start":{"line":34,"column":6},"end":{"line":40,"column":null}},"12":{"start":{"line":42,"column":4},"end":{"line":42,"column":null}},"13":{"start":{"line":45,"column":23},"end":{"line":47,"column":null}},"14":{"start":{"line":46,"column":4},"end":{"line":47,"column":66}},"15":{"start":{"line":50,"column":8},"end":{"line":52,"column":null}},"16":{"start":{"line":51,"column":4},"end":{"line":51,"column":null}},"17":{"start":{"line":52,"column":4},"end":{"line":52,"column":null}},"18":{"start":{"line":55,"column":8},"end":{"line":76,"column":null}},"19":{"start":{"line":56,"column":4},"end":{"line":56,"column":null}},"20":{"start":{"line":57,"column":17},"end":{"line":57,"column":76}},"21":{"start":{"line":57,"column":51},"end":{"line":57,"column":59}},"22":{"start":{"line":59,"column":4},"end":{"line":74,"column":null}},"23":{"start":{"line":60,"column":6},"end":{"line":66,"column":null}},"24":{"start":{"line":68,"column":6},"end":{"line":74,"column":null}},"25":{"start":{"line":76,"column":4},"end":{"line":76,"column":null}},"26":{"start":{"line":79,"column":8},"end":{"line":81,"column":null}},"27":{"start":{"line":80,"column":4},"end":{"line":81,"column":null}},"28":{"start":{"line":81,"column":6},"end":{"line":81,"column":null}},"29":{"start":{"line":85,"column":2},"end":{"line":263,"column":null}},"30":{"start":{"line":93,"column":25},"end":{"line":93,"column":42}},"31":{"start":{"line":105,"column":27},"end":{"line":105,"column":57}},"32":{"start":{"line":125,"column":16},"end":{"line":168,"column":null}},"33":{"start":{"line":140,"column":24},"end":{"line":140,"column":null}},"34":{"start":{"line":153,"column":39},"end":{"line":153,"column":60}},"35":{"start":{"line":160,"column":39},"end":{"line":160,"column":60}},"36":{"start":{"line":201,"column":33},"end":{"line":201,"column":90}},"37":{"start":{"line":201,"column":54},"end":{"line":201,"column":90}},"38":{"start":{"line":210,"column":33},"end":{"line":210,"column":92}},"39":{"start":{"line":210,"column":54},"end":{"line":210,"column":92}},"40":{"start":{"line":220,"column":33},"end":{"line":220,"column":92}},"41":{"start":{"line":220,"column":54},"end":{"line":220,"column":92}},"42":{"start":{"line":231,"column":35},"end":{"line":231,"column":95}},"43":{"start":{"line":231,"column":56},"end":{"line":231,"column":95}},"44":{"start":{"line":235,"column":22},"end":{"line":235,"column":null}},"45":{"start":{"line":244,"column":35},"end":{"line":244,"column":91}},"46":{"start":{"line":244,"column":56},"end":{"line":244,"column":91}}},"fnMap":{"0":{"name":"NewsAdminPage","decl":{"start":{"line":8,"column":24},"end":{"line":8,"column":40}},"loc":{"start":{"line":8,"column":40},"end":{"line":263,"column":null}},"line":8},"1":{"name":"(anonymous_1)","decl":{"start":{"line":22,"column":8},"end":{"line":22,"column":27}},"loc":{"start":{"line":22,"column":47},"end":{"line":42,"column":null}},"line":22},"2":{"name":"(anonymous_2)","decl":{"start":{"line":45,"column":28},"end":{"line":45,"column":35}},"loc":{"start":{"line":46,"column":4},"end":{"line":47,"column":66}},"line":46},"3":{"name":"(anonymous_3)","decl":{"start":{"line":50,"column":8},"end":{"line":50,"column":33}},"loc":{"start":{"line":50,"column":33},"end":{"line":52,"column":null}},"line":50},"4":{"name":"(anonymous_4)","decl":{"start":{"line":55,"column":8},"end":{"line":55,"column":24}},"loc":{"start":{"line":55,"column":47},"end":{"line":76,"column":null}},"line":55},"5":{"name":"(anonymous_5)","decl":{"start":{"line":57,"column":42},"end":{"line":57,"column":46}},"loc":{"start":{"line":57,"column":51},"end":{"line":57,"column":59}},"line":57},"6":{"name":"(anonymous_6)","decl":{"start":{"line":79,"column":8},"end":{"line":79,"column":24}},"loc":{"start":{"line":79,"column":39},"end":{"line":81,"column":null}},"line":79},"7":{"name":"(anonymous_7)","decl":{"start":{"line":93,"column":10},"end":{"line":93,"column":25}},"loc":{"start":{"line":93,"column":25},"end":{"line":93,"column":42}},"line":93},"8":{"name":"(anonymous_8)","decl":{"start":{"line":105,"column":10},"end":{"line":105,"column":21}},"loc":{"start":{"line":105,"column":27},"end":{"line":105,"column":57}},"line":105},"9":{"name":"(anonymous_9)","decl":{"start":{"line":124,"column":28},"end":{"line":124,"column":33}},"loc":{"start":{"line":125,"column":16},"end":{"line":168,"column":null}},"line":125},"10":{"name":"(anonymous_10)","decl":{"start":{"line":139,"column":53},"end":{"line":139,"column":57}},"loc":{"start":{"line":140,"column":24},"end":{"line":140,"column":null}},"line":140},"11":{"name":"(anonymous_11)","decl":{"start":{"line":153,"column":24},"end":{"line":153,"column":39}},"loc":{"start":{"line":153,"column":39},"end":{"line":153,"column":60}},"line":153},"12":{"name":"(anonymous_12)","decl":{"start":{"line":160,"column":24},"end":{"line":160,"column":39}},"loc":{"start":{"line":160,"column":39},"end":{"line":160,"column":60}},"line":160},"13":{"name":"(anonymous_13)","decl":{"start":{"line":201,"column":18},"end":{"line":201,"column":28}},"loc":{"start":{"line":201,"column":33},"end":{"line":201,"column":90}},"line":201},"14":{"name":"(anonymous_14)","decl":{"start":{"line":201,"column":33},"end":{"line":201,"column":45}},"loc":{"start":{"line":201,"column":54},"end":{"line":201,"column":90}},"line":201},"15":{"name":"(anonymous_15)","decl":{"start":{"line":210,"column":18},"end":{"line":210,"column":28}},"loc":{"start":{"line":210,"column":33},"end":{"line":210,"column":92}},"line":210},"16":{"name":"(anonymous_16)","decl":{"start":{"line":210,"column":33},"end":{"line":210,"column":45}},"loc":{"start":{"line":210,"column":54},"end":{"line":210,"column":92}},"line":210},"17":{"name":"(anonymous_17)","decl":{"start":{"line":220,"column":18},"end":{"line":220,"column":28}},"loc":{"start":{"line":220,"column":33},"end":{"line":220,"column":92}},"line":220},"18":{"name":"(anonymous_18)","decl":{"start":{"line":220,"column":33},"end":{"line":220,"column":45}},"loc":{"start":{"line":220,"column":54},"end":{"line":220,"column":92}},"line":220},"19":{"name":"(anonymous_19)","decl":{"start":{"line":231,"column":20},"end":{"line":231,"column":30}},"loc":{"start":{"line":231,"column":35},"end":{"line":231,"column":95}},"line":231},"20":{"name":"(anonymous_20)","decl":{"start":{"line":231,"column":35},"end":{"line":231,"column":47}},"loc":{"start":{"line":231,"column":56},"end":{"line":231,"column":95}},"line":231},"21":{"name":"(anonymous_21)","decl":{"start":{"line":234,"column":37},"end":{"line":234,"column":41}},"loc":{"start":{"line":235,"column":22},"end":{"line":235,"column":null}},"line":235},"22":{"name":"(anonymous_22)","decl":{"start":{"line":244,"column":20},"end":{"line":244,"column":30}},"loc":{"start":{"line":244,"column":35},"end":{"line":244,"column":91}},"line":244},"23":{"name":"(anonymous_23)","decl":{"start":{"line":244,"column":35},"end":{"line":244,"column":47}},"loc":{"start":{"line":244,"column":56},"end":{"line":244,"column":91}},"line":244}},"branchMap":{"0":{"loc":{"start":{"line":23,"column":4},"end":{"line":40,"column":null}},"type":"if","locations":[{"start":{"line":23,"column":4},"end":{"line":40,"column":null}},{"start":{"line":32,"column":11},"end":{"line":40,"column":null}}],"line":23},"1":{"loc":{"start":{"line":27,"column":17},"end":{"line":27,"column":null}},"type":"binary-expr","locations":[{"start":{"line":27,"column":17},"end":{"line":27,"column":33}},{"start":{"line":27,"column":33},"end":{"line":27,"column":null}}],"line":27},"2":{"loc":{"start":{"line":30,"column":15},"end":{"line":30,"column":30}},"type":"binary-expr","locations":[{"start":{"line":30,"column":15},"end":{"line":30,"column":28}},{"start":{"line":30,"column":28},"end":{"line":30,"column":30}}],"line":30},"3":{"loc":{"start":{"line":46,"column":4},"end":{"line":47,"column":66}},"type":"binary-expr","locations":[{"start":{"line":46,"column":4},"end":{"line":46,"column":64}},{"start":{"line":47,"column":4},"end":{"line":47,"column":66}}],"line":46},"4":{"loc":{"start":{"line":59,"column":4},"end":{"line":74,"column":null}},"type":"if","locations":[{"start":{"line":59,"column":4},"end":{"line":74,"column":null}},{"start":{"line":67,"column":11},"end":{"line":74,"column":null}}],"line":59},"5":{"loc":{"start":{"line":80,"column":4},"end":{"line":81,"column":null}},"type":"if","locations":[{"start":{"line":80,"column":4},"end":{"line":81,"column":null}},{"start":{},"end":{}}],"line":80},"6":{"loc":{"start":{"line":139,"column":24},"end":{"line":139,"column":39}},"type":"binary-expr","locations":[{"start":{"line":139,"column":24},"end":{"line":139,"column":37}},{"start":{"line":139,"column":37},"end":{"line":139,"column":39}}],"line":139},"7":{"loc":{"start":{"line":141,"column":24},"end":{"line":143,"column":null}},"type":"binary-expr","locations":[{"start":{"line":141,"column":24},"end":{"line":142,"column":null}},{"start":{"line":143,"column":24},"end":{"line":143,"column":null}}],"line":141},"8":{"loc":{"start":{"line":142,"column":24},"end":{"line":142,"column":39}},"type":"binary-expr","locations":[{"start":{"line":142,"column":24},"end":{"line":142,"column":37}},{"start":{"line":142,"column":37},"end":{"line":142,"column":39}}],"line":142},"9":{"loc":{"start":{"line":143,"column":69},"end":{"line":143,"column":84}},"type":"binary-expr","locations":[{"start":{"line":143,"column":69},"end":{"line":143,"column":82}},{"start":{"line":143,"column":82},"end":{"line":143,"column":84}}],"line":143},"10":{"loc":{"start":{"line":173,"column":9},"end":{"line":176,"column":null}},"type":"binary-expr","locations":[{"start":{"line":173,"column":9},"end":{"line":173,"column":null}},{"start":{"line":174,"column":10},"end":{"line":176,"column":null}}],"line":173},"11":{"loc":{"start":{"line":180,"column":7},"end":{"line":263,"column":null}},"type":"binary-expr","locations":[{"start":{"line":180,"column":7},"end":{"line":180,"column":null}},{"start":{"line":181,"column":8},"end":{"line":263,"column":null}}],"line":180},"12":{"loc":{"start":{"line":186,"column":17},"end":{"line":186,"column":null}},"type":"cond-expr","locations":[{"start":{"line":186,"column":31},"end":{"line":186,"column":40}},{"start":{"line":186,"column":40},"end":{"line":186,"column":null}}],"line":186},"13":{"loc":{"start":{"line":262,"column":19},"end":{"line":262,"column":null}},"type":"cond-expr","locations":[{"start":{"line":262,"column":33},"end":{"line":262,"column":40}},{"start":{"line":262,"column":40},"end":{"line":262,"column":null}}],"line":262}},"s":{"0":0,"1":0,"2":0,"3":0,"4":0,"5":0,"6":0,"7":0,"8":0,"9":0,"10":0,"11":0,"12":0,"13":0,"14":0,"15":0,"16":0,"17":0,"18":0,"19":0,"20":0,"21":0,"22":0,"23":0,"24":0,"25":0,"26":0,"27":0,"28":0,"29":0,"30":0,"31":0,"32":0,"33":0,"34":0,"35":0,"36":0,"37":0,"38":0,"39":0,"40":0,"41":0,"42":0,"43":0,"44":0,"45":0,"46":0},"f":{"0":0,"1":0,"2":0,"3":0,"4":0,"5":0,"6":0,"7":0,"8":0,"9":0,"10":0,"11":0,"12":0,"13":0,"14":0,"15":0,"16":0,"17":0,"18":0,"19":0,"20":0,"21":0,"22":0,"23":0},"b":{"0":[0,0],"1":[0,0],"2":[0,0],"3":[0,0],"4":[0,0],"5":[0,0],"6":[0,0],"7":[0,0],"8":[0,0],"9":[0,0],"10":[0,0],"11":[0,0],"12":[0,0],"13":[0,0]},"meta":{"lastBranch":14,"lastFunction":24,"lastStatement":47,"seen":{"f:8:24:8:40":0,"s:9:2:9:Infinity":0,"s:10:37:10:61":1,"s:11:22:11:52":2,"s:12:20:12:51":3,"s:13:22:13:71":4,"s:14:19:20:4":5,"s:22:8:42:Infinity":6,"f:22:8:22:27":1,"b:23:4:40:Infinity:32:11:40:Infinity":0,"s:23:4:40:Infinity":7,"s:24:6:24:Infinity":8,"s:25:6:31:Infinity":9,"b:27:17:27:33:27:33:27:Infinity":1,"b:30:15:30:28:30:28:30:30":2,"s:33:6:33:Infinity":10,"s:34:6:40:Infinity":11,"s:42:4:42:Infinity":12,"s:45:23:47:Infinity":13,"f:45:28:45:35":2,"s:46:4:47:66":14,"b:46:4:46:64:47:4:47:66":3,"s:50:8:52:Infinity":15,"f:50:8:50:33":3,"s:51:4:51:Infinity":16,"s:52:4:52:Infinity":17,"s:55:8:76:Infinity":18,"f:55:8:55:24":4,"s:56:4:56:Infinity":19,"s:57:17:57:76":20,"f:57:42:57:46":5,"s:57:51:57:59":21,"b:59:4:74:Infinity:67:11:74:Infinity":4,"s:59:4:74:Infinity":22,"s:60:6:66:Infinity":23,"s:68:6:74:Infinity":24,"s:76:4:76:Infinity":25,"s:79:8:81:Infinity":26,"f:79:8:79:24":6,"b:80:4:81:Infinity:undefined:undefined:undefined:undefined":5,"s:80:4:81:Infinity":27,"s:81:6:81:Infinity":28,"s:85:2:263:Infinity":29,"f:93:10:93:25":7,"s:93:25:93:42":30,"f:105:10:105:21":8,"s:105:27:105:57":31,"f:124:28:124:33":9,"s:125:16:168:Infinity":32,"b:139:24:139:37:139:37:139:39":6,"f:139:53:139:57":10,"s:140:24:140:Infinity":33,"b:141:24:142:Infinity:143:24:143:Infinity":7,"b:142:24:142:37:142:37:142:39":8,"b:143:69:143:82:143:82:143:84":9,"f:153:24:153:39":11,"s:153:39:153:60":34,"f:160:24:160:39":12,"s:160:39:160:60":35,"b:173:9:173:Infinity:174:10:176:Infinity":10,"b:180:7:180:Infinity:181:8:263:Infinity":11,"b:186:31:186:40:186:40:186:Infinity":12,"f:201:18:201:28":13,"s:201:33:201:90":36,"f:201:33:201:45":14,"s:201:54:201:90":37,"f:210:18:210:28":15,"s:210:33:210:92":38,"f:210:33:210:45":16,"s:210:54:210:92":39,"f:220:18:220:28":17,"s:220:33:220:92":40,"f:220:33:220:45":18,"s:220:54:220:92":41,"f:231:20:231:30":19,"s:231:35:231:95":42,"f:231:35:231:47":20,"s:231:56:231:95":43,"f:234:37:234:41":21,"s:235:22:235:Infinity":44,"f:244:20:244:30":22,"s:244:35:244:91":45,"f:244:35:244:47":23,"s:244:56:244:91":46,"b:262:33:262:40:262:40:262:Infinity":13}}}
,"E:\\devhome\\trae_projects\\Showcase\\src\\features\\admin\\pages\\ProjectsAdminPage.tsx": {"path":"E:\\devhome\\trae_projects\\Showcase\\src\\features\\admin\\pages\\ProjectsAdminPage.tsx","statementMap":{"0":{"start":{"line":9,"column":2},"end":{"line":9,"column":null}},"1":{"start":{"line":10,"column":47},"end":{"line":10,"column":74}},"2":{"start":{"line":12,"column":26},"end":{"line":18,"column":null}},"3":{"start":{"line":30,"column":4},"end":{"line":45,"column":4}},"4":{"start":{"line":36,"column":30},"end":{"line":36,"column":null}},"5":{"start":{"line":37,"column":32},"end":{"line":43,"column":null}},"6":{"start":{"line":44,"column":28},"end":{"line":44,"column":null}},"7":{"start":{"line":47,"column":8},"end":{"line":62,"column":null}},"8":{"start":{"line":48,"column":4},"end":{"line":48,"column":null}},"9":{"start":{"line":49,"column":22},"end":{"line":49,"column":86}},"10":{"start":{"line":49,"column":61},"end":{"line":49,"column":69}},"11":{"start":{"line":51,"column":23},"end":{"line":55,"column":null}},"12":{"start":{"line":57,"column":4},"end":{"line":60,"column":null}},"13":{"start":{"line":58,"column":6},"end":{"line":58,"column":null}},"14":{"start":{"line":60,"column":6},"end":{"line":60,"column":null}},"15":{"start":{"line":62,"column":4},"end":{"line":62,"column":null}},"16":{"start":{"line":65,"column":2},"end":{"line":249,"column":null}},"17":{"start":{"line":73,"column":25},"end":{"line":73,"column":42}},"18":{"start":{"line":85,"column":27},"end":{"line":85,"column":57}},"19":{"start":{"line":104,"column":16},"end":{"line":161,"column":null}},"20":{"start":{"line":114,"column":24},"end":{"line":114,"column":null}},"21":{"start":{"line":146,"column":39},"end":{"line":146,"column":60}},"22":{"start":{"line":153,"column":39},"end":{"line":153,"column":60}},"23":{"start":{"line":184,"column":33},"end":{"line":184,"column":90}},"24":{"start":{"line":184,"column":54},"end":{"line":184,"column":90}},"25":{"start":{"line":193,"column":33},"end":{"line":193,"column":96}},"26":{"start":{"line":193,"column":54},"end":{"line":193,"column":96}},"27":{"start":{"line":205,"column":35},"end":{"line":205,"column":96}},"28":{"start":{"line":205,"column":56},"end":{"line":205,"column":96}},"29":{"start":{"line":216,"column":35},"end":{"line":216,"column":94}},"30":{"start":{"line":216,"column":56},"end":{"line":216,"column":94}},"31":{"start":{"line":227,"column":33},"end":{"line":227,"column":94}},"32":{"start":{"line":227,"column":54},"end":{"line":227,"column":94}}},"fnMap":{"0":{"name":"ProjectsAdminPage","decl":{"start":{"line":8,"column":24},"end":{"line":8,"column":44}},"loc":{"start":{"line":8,"column":44},"end":{"line":249,"column":null}},"line":8},"1":{"name":"(anonymous_1)","decl":{"start":{"line":36,"column":4},"end":{"line":36,"column":30}},"loc":{"start":{"line":36,"column":30},"end":{"line":36,"column":null}},"line":36},"2":{"name":"(anonymous_2)","decl":{"start":{"line":37,"column":4},"end":{"line":37,"column":22}},"loc":{"start":{"line":37,"column":32},"end":{"line":43,"column":null}},"line":37},"3":{"name":"(anonymous_3)","decl":{"start":{"line":44,"column":4},"end":{"line":44,"column":19}},"loc":{"start":{"line":44,"column":28},"end":{"line":44,"column":null}},"line":44},"4":{"name":"(anonymous_4)","decl":{"start":{"line":47,"column":8},"end":{"line":47,"column":28}},"loc":{"start":{"line":47,"column":51},"end":{"line":62,"column":null}},"line":47},"5":{"name":"(anonymous_5)","decl":{"start":{"line":49,"column":52},"end":{"line":49,"column":56}},"loc":{"start":{"line":49,"column":61},"end":{"line":49,"column":69}},"line":49},"6":{"name":"(anonymous_6)","decl":{"start":{"line":73,"column":10},"end":{"line":73,"column":25}},"loc":{"start":{"line":73,"column":25},"end":{"line":73,"column":42}},"line":73},"7":{"name":"(anonymous_7)","decl":{"start":{"line":85,"column":10},"end":{"line":85,"column":21}},"loc":{"start":{"line":85,"column":27},"end":{"line":85,"column":57}},"line":85},"8":{"name":"(anonymous_8)","decl":{"start":{"line":103,"column":32},"end":{"line":103,"column":37}},"loc":{"start":{"line":104,"column":16},"end":{"line":161,"column":null}},"line":104},"9":{"name":"(anonymous_9)","decl":{"start":{"line":113,"column":50},"end":{"line":113,"column":54}},"loc":{"start":{"line":114,"column":24},"end":{"line":114,"column":null}},"line":114},"10":{"name":"(anonymous_10)","decl":{"start":{"line":146,"column":24},"end":{"line":146,"column":39}},"loc":{"start":{"line":146,"column":39},"end":{"line":146,"column":60}},"line":146},"11":{"name":"(anonymous_11)","decl":{"start":{"line":153,"column":24},"end":{"line":153,"column":39}},"loc":{"start":{"line":153,"column":39},"end":{"line":153,"column":60}},"line":153},"12":{"name":"(anonymous_12)","decl":{"start":{"line":184,"column":18},"end":{"line":184,"column":28}},"loc":{"start":{"line":184,"column":33},"end":{"line":184,"column":90}},"line":184},"13":{"name":"(anonymous_13)","decl":{"start":{"line":184,"column":33},"end":{"line":184,"column":45}},"loc":{"start":{"line":184,"column":54},"end":{"line":184,"column":90}},"line":184},"14":{"name":"(anonymous_14)","decl":{"start":{"line":193,"column":18},"end":{"line":193,"column":28}},"loc":{"start":{"line":193,"column":33},"end":{"line":193,"column":96}},"line":193},"15":{"name":"(anonymous_15)","decl":{"start":{"line":193,"column":33},"end":{"line":193,"column":45}},"loc":{"start":{"line":193,"column":54},"end":{"line":193,"column":96}},"line":193},"16":{"name":"(anonymous_16)","decl":{"start":{"line":205,"column":20},"end":{"line":205,"column":30}},"loc":{"start":{"line":205,"column":35},"end":{"line":205,"column":96}},"line":205},"17":{"name":"(anonymous_17)","decl":{"start":{"line":205,"column":35},"end":{"line":205,"column":47}},"loc":{"start":{"line":205,"column":56},"end":{"line":205,"column":96}},"line":205},"18":{"name":"(anonymous_18)","decl":{"start":{"line":216,"column":20},"end":{"line":216,"column":30}},"loc":{"start":{"line":216,"column":35},"end":{"line":216,"column":94}},"line":216},"19":{"name":"(anonymous_19)","decl":{"start":{"line":216,"column":35},"end":{"line":216,"column":47}},"loc":{"start":{"line":216,"column":56},"end":{"line":216,"column":94}},"line":216},"20":{"name":"(anonymous_20)","decl":{"start":{"line":227,"column":18},"end":{"line":227,"column":28}},"loc":{"start":{"line":227,"column":33},"end":{"line":227,"column":94}},"line":227},"21":{"name":"(anonymous_21)","decl":{"start":{"line":227,"column":33},"end":{"line":227,"column":45}},"loc":{"start":{"line":227,"column":54},"end":{"line":227,"column":94}},"line":227}},"branchMap":{"0":{"loc":{"start":{"line":42,"column":15},"end":{"line":42,"column":null}},"type":"binary-expr","locations":[{"start":{"line":42,"column":15},"end":{"line":42,"column":31}},{"start":{"line":42,"column":31},"end":{"line":42,"column":null}}],"line":42},"1":{"loc":{"start":{"line":54,"column":15},"end":{"line":54,"column":null}},"type":"binary-expr","locations":[{"start":{"line":54,"column":15},"end":{"line":54,"column":35}},{"start":{"line":54,"column":35},"end":{"line":54,"column":null}}],"line":54},"2":{"loc":{"start":{"line":57,"column":4},"end":{"line":60,"column":null}},"type":"if","locations":[{"start":{"line":57,"column":4},"end":{"line":60,"column":null}},{"start":{"line":59,"column":11},"end":{"line":60,"column":null}}],"line":57},"3":{"loc":{"start":{"line":116,"column":23},"end":{"line":117,"column":null}},"type":"binary-expr","locations":[{"start":{"line":116,"column":23},"end":{"line":116,"column":null}},{"start":{"line":117,"column":24},"end":{"line":117,"column":null}}],"line":116},"4":{"loc":{"start":{"line":131,"column":23},"end":{"line":139,"column":null}},"type":"binary-expr","locations":[{"start":{"line":131,"column":23},"end":{"line":131,"column":null}},{"start":{"line":132,"column":24},"end":{"line":139,"column":null}}],"line":131},"5":{"loc":{"start":{"line":166,"column":9},"end":{"line":169,"column":null}},"type":"binary-expr","locations":[{"start":{"line":166,"column":9},"end":{"line":166,"column":null}},{"start":{"line":167,"column":10},"end":{"line":169,"column":null}}],"line":166},"6":{"loc":{"start":{"line":176,"column":15},"end":{"line":176,"column":null}},"type":"cond-expr","locations":[{"start":{"line":176,"column":29},"end":{"line":176,"column":38}},{"start":{"line":176,"column":38},"end":{"line":176,"column":null}}],"line":176},"7":{"loc":{"start":{"line":245,"column":19},"end":{"line":245,"column":null}},"type":"cond-expr","locations":[{"start":{"line":245,"column":33},"end":{"line":245,"column":40}},{"start":{"line":245,"column":40},"end":{"line":245,"column":null}}],"line":245}},"s":{"0":0,"1":0,"2":0,"3":0,"4":0,"5":0,"6":0,"7":0,"8":0,"9":0,"10":0,"11":0,"12":0,"13":0,"14":0,"15":0,"16":0,"17":0,"18":0,"19":0,"20":0,"21":0,"22":0,"23":0,"24":0,"25":0,"26":0,"27":0,"28":0,"29":0,"30":0,"31":0,"32":0},"f":{"0":0,"1":0,"2":0,"3":0,"4":0,"5":0,"6":0,"7":0,"8":0,"9":0,"10":0,"11":0,"12":0,"13":0,"14":0,"15":0,"16":0,"17":0,"18":0,"19":0,"20":0,"21":0},"b":{"0":[0,0],"1":[0,0],"2":[0,0],"3":[0,0],"4":[0,0],"5":[0,0],"6":[0,0],"7":[0,0]},"meta":{"lastBranch":8,"lastFunction":22,"lastStatement":33,"seen":{"f:8:24:8:44":0,"s:9:2:9:Infinity":0,"s:10:47:10:74":1,"s:12:26:18:Infinity":2,"s:30:4:45:4":3,"f:36:4:36:30":1,"s:36:30:36:Infinity":4,"f:37:4:37:22":2,"s:37:32:43:Infinity":5,"b:42:15:42:31:42:31:42:Infinity":0,"f:44:4:44:19":3,"s:44:28:44:Infinity":6,"s:47:8:62:Infinity":7,"f:47:8:47:28":4,"s:48:4:48:Infinity":8,"s:49:22:49:86":9,"f:49:52:49:56":5,"s:49:61:49:69":10,"s:51:23:55:Infinity":11,"b:54:15:54:35:54:35:54:Infinity":1,"b:57:4:60:Infinity:59:11:60:Infinity":2,"s:57:4:60:Infinity":12,"s:58:6:58:Infinity":13,"s:60:6:60:Infinity":14,"s:62:4:62:Infinity":15,"s:65:2:249:Infinity":16,"f:73:10:73:25":6,"s:73:25:73:42":17,"f:85:10:85:21":7,"s:85:27:85:57":18,"f:103:32:103:37":8,"s:104:16:161:Infinity":19,"f:113:50:113:54":9,"s:114:24:114:Infinity":20,"b:116:23:116:Infinity:117:24:117:Infinity":3,"b:131:23:131:Infinity:132:24:139:Infinity":4,"f:146:24:146:39":10,"s:146:39:146:60":21,"f:153:24:153:39":11,"s:153:39:153:60":22,"b:166:9:166:Infinity:167:10:169:Infinity":5,"b:176:29:176:38:176:38:176:Infinity":6,"f:184:18:184:28":12,"s:184:33:184:90":23,"f:184:33:184:45":13,"s:184:54:184:90":24,"f:193:18:193:28":14,"s:193:33:193:96":25,"f:193:33:193:45":15,"s:193:54:193:96":26,"f:205:20:205:30":16,"s:205:35:205:96":27,"f:205:35:205:47":17,"s:205:56:205:96":28,"f:216:20:216:30":18,"s:216:35:216:94":29,"f:216:35:216:47":19,"s:216:56:216:94":30,"f:227:18:227:28":20,"s:227:33:227:94":31,"f:227:33:227:45":21,"s:227:54:227:94":32,"b:245:33:245:40:245:40:245:Infinity":7}}}
,"E:\\devhome\\trae_projects\\Showcase\\src\\features\\admin\\pages\\PromptsAdminPage.tsx": {"path":"E:\\devhome\\trae_projects\\Showcase\\src\\features\\admin\\pages\\PromptsAdminPage.tsx","statementMap":{"0":{"start":{"line":10,"column":2},"end":{"line":10,"column":null}},"1":{"start":{"line":11,"column":44},"end":{"line":11,"column":70}},"2":{"start":{"line":13,"column":26},"end":{"line":18,"column":null}},"3":{"start":{"line":30,"column":4},"end":{"line":44,"column":4}},"4":{"start":{"line":36,"column":30},"end":{"line":36,"column":null}},"5":{"start":{"line":37,"column":32},"end":{"line":42,"column":null}},"6":{"start":{"line":43,"column":28},"end":{"line":43,"column":null}},"7":{"start":{"line":46,"column":8},"end":{"line":60,"column":null}},"8":{"start":{"line":47,"column":4},"end":{"line":47,"column":null}},"9":{"start":{"line":48,"column":17},"end":{"line":48,"column":76}},"10":{"start":{"line":48,"column":51},"end":{"line":48,"column":59}},"11":{"start":{"line":50,"column":23},"end":{"line":53,"column":null}},"12":{"start":{"line":55,"column":4},"end":{"line":58,"column":null}},"13":{"start":{"line":56,"column":6},"end":{"line":56,"column":null}},"14":{"start":{"line":58,"column":6},"end":{"line":58,"column":null}},"15":{"start":{"line":60,"column":4},"end":{"line":60,"column":null}},"16":{"start":{"line":63,"column":2},"end":{"line":212,"column":null}},"17":{"start":{"line":71,"column":25},"end":{"line":71,"column":42}},"18":{"start":{"line":83,"column":27},"end":{"line":83,"column":57}},"19":{"start":{"line":102,"column":16},"end":{"line":134,"column":null}},"20":{"start":{"line":119,"column":39},"end":{"line":119,"column":60}},"21":{"start":{"line":126,"column":39},"end":{"line":126,"column":60}},"22":{"start":{"line":158,"column":35},"end":{"line":158,"column":92}},"23":{"start":{"line":158,"column":56},"end":{"line":158,"column":92}},"24":{"start":{"line":167,"column":35},"end":{"line":167,"column":95}},"25":{"start":{"line":167,"column":56},"end":{"line":167,"column":95}},"26":{"start":{"line":171,"column":22},"end":{"line":171,"column":null}},"27":{"start":{"line":180,"column":33},"end":{"line":180,"column":92}},"28":{"start":{"line":180,"column":54},"end":{"line":180,"column":92}},"29":{"start":{"line":191,"column":33},"end":{"line":191,"column":89}},"30":{"start":{"line":191,"column":54},"end":{"line":191,"column":89}}},"fnMap":{"0":{"name":"PromptsAdminPage","decl":{"start":{"line":9,"column":24},"end":{"line":9,"column":43}},"loc":{"start":{"line":9,"column":43},"end":{"line":212,"column":null}},"line":9},"1":{"name":"(anonymous_1)","decl":{"start":{"line":36,"column":4},"end":{"line":36,"column":30}},"loc":{"start":{"line":36,"column":30},"end":{"line":36,"column":null}},"line":36},"2":{"name":"(anonymous_2)","decl":{"start":{"line":37,"column":4},"end":{"line":37,"column":22}},"loc":{"start":{"line":37,"column":32},"end":{"line":42,"column":null}},"line":37},"3":{"name":"(anonymous_3)","decl":{"start":{"line":43,"column":4},"end":{"line":43,"column":19}},"loc":{"start":{"line":43,"column":28},"end":{"line":43,"column":null}},"line":43},"4":{"name":"(anonymous_4)","decl":{"start":{"line":46,"column":8},"end":{"line":46,"column":28}},"loc":{"start":{"line":46,"column":51},"end":{"line":60,"column":null}},"line":46},"5":{"name":"(anonymous_5)","decl":{"start":{"line":48,"column":42},"end":{"line":48,"column":46}},"loc":{"start":{"line":48,"column":51},"end":{"line":48,"column":59}},"line":48},"6":{"name":"(anonymous_6)","decl":{"start":{"line":71,"column":10},"end":{"line":71,"column":25}},"loc":{"start":{"line":71,"column":25},"end":{"line":71,"column":42}},"line":71},"7":{"name":"(anonymous_7)","decl":{"start":{"line":83,"column":10},"end":{"line":83,"column":21}},"loc":{"start":{"line":83,"column":27},"end":{"line":83,"column":57}},"line":83},"8":{"name":"(anonymous_8)","decl":{"start":{"line":101,"column":31},"end":{"line":101,"column":36}},"loc":{"start":{"line":102,"column":16},"end":{"line":134,"column":null}},"line":102},"9":{"name":"(anonymous_9)","decl":{"start":{"line":119,"column":24},"end":{"line":119,"column":39}},"loc":{"start":{"line":119,"column":39},"end":{"line":119,"column":60}},"line":119},"10":{"name":"(anonymous_10)","decl":{"start":{"line":126,"column":24},"end":{"line":126,"column":39}},"loc":{"start":{"line":126,"column":39},"end":{"line":126,"column":60}},"line":126},"11":{"name":"(anonymous_11)","decl":{"start":{"line":158,"column":20},"end":{"line":158,"column":30}},"loc":{"start":{"line":158,"column":35},"end":{"line":158,"column":92}},"line":158},"12":{"name":"(anonymous_12)","decl":{"start":{"line":158,"column":35},"end":{"line":158,"column":47}},"loc":{"start":{"line":158,"column":56},"end":{"line":158,"column":92}},"line":158},"13":{"name":"(anonymous_13)","decl":{"start":{"line":167,"column":20},"end":{"line":167,"column":30}},"loc":{"start":{"line":167,"column":35},"end":{"line":167,"column":95}},"line":167},"14":{"name":"(anonymous_14)","decl":{"start":{"line":167,"column":35},"end":{"line":167,"column":47}},"loc":{"start":{"line":167,"column":56},"end":{"line":167,"column":95}},"line":167},"15":{"name":"(anonymous_15)","decl":{"start":{"line":170,"column":39},"end":{"line":170,"column":43}},"loc":{"start":{"line":171,"column":22},"end":{"line":171,"column":null}},"line":171},"16":{"name":"(anonymous_16)","decl":{"start":{"line":180,"column":18},"end":{"line":180,"column":28}},"loc":{"start":{"line":180,"column":33},"end":{"line":180,"column":92}},"line":180},"17":{"name":"(anonymous_17)","decl":{"start":{"line":180,"column":33},"end":{"line":180,"column":45}},"loc":{"start":{"line":180,"column":54},"end":{"line":180,"column":92}},"line":180},"18":{"name":"(anonymous_18)","decl":{"start":{"line":191,"column":18},"end":{"line":191,"column":28}},"loc":{"start":{"line":191,"column":33},"end":{"line":191,"column":89}},"line":191},"19":{"name":"(anonymous_19)","decl":{"start":{"line":191,"column":33},"end":{"line":191,"column":45}},"loc":{"start":{"line":191,"column":54},"end":{"line":191,"column":89}},"line":191}},"branchMap":{"0":{"loc":{"start":{"line":55,"column":4},"end":{"line":58,"column":null}},"type":"if","locations":[{"start":{"line":55,"column":4},"end":{"line":58,"column":null}},{"start":{"line":57,"column":11},"end":{"line":58,"column":null}}],"line":55},"1":{"loc":{"start":{"line":139,"column":9},"end":{"line":142,"column":null}},"type":"binary-expr","locations":[{"start":{"line":139,"column":9},"end":{"line":139,"column":null}},{"start":{"line":140,"column":10},"end":{"line":142,"column":null}}],"line":139},"2":{"loc":{"start":{"line":149,"column":15},"end":{"line":149,"column":null}},"type":"cond-expr","locations":[{"start":{"line":149,"column":29},"end":{"line":149,"column":39}},{"start":{"line":149,"column":39},"end":{"line":149,"column":null}}],"line":149},"3":{"loc":{"start":{"line":208,"column":19},"end":{"line":208,"column":null}},"type":"cond-expr","locations":[{"start":{"line":208,"column":33},"end":{"line":208,"column":40}},{"start":{"line":208,"column":40},"end":{"line":208,"column":null}}],"line":208}},"s":{"0":0,"1":0,"2":0,"3":0,"4":0,"5":0,"6":0,"7":0,"8":0,"9":0,"10":0,"11":0,"12":0,"13":0,"14":0,"15":0,"16":0,"17":0,"18":0,"19":0,"20":0,"21":0,"22":0,"23":0,"24":0,"25":0,"26":0,"27":0,"28":0,"29":0,"30":0},"f":{"0":0,"1":0,"2":0,"3":0,"4":0,"5":0,"6":0,"7":0,"8":0,"9":0,"10":0,"11":0,"12":0,"13":0,"14":0,"15":0,"16":0,"17":0,"18":0,"19":0},"b":{"0":[0,0],"1":[0,0],"2":[0,0],"3":[0,0]},"meta":{"lastBranch":4,"lastFunction":20,"lastStatement":31,"seen":{"f:9:24:9:43":0,"s:10:2:10:Infinity":0,"s:11:44:11:70":1,"s:13:26:18:Infinity":2,"s:30:4:44:4":3,"f:36:4:36:30":1,"s:36:30:36:Infinity":4,"f:37:4:37:22":2,"s:37:32:42:Infinity":5,"f:43:4:43:19":3,"s:43:28:43:Infinity":6,"s:46:8:60:Infinity":7,"f:46:8:46:28":4,"s:47:4:47:Infinity":8,"s:48:17:48:76":9,"f:48:42:48:46":5,"s:48:51:48:59":10,"s:50:23:53:Infinity":11,"b:55:4:58:Infinity:57:11:58:Infinity":0,"s:55:4:58:Infinity":12,"s:56:6:56:Infinity":13,"s:58:6:58:Infinity":14,"s:60:4:60:Infinity":15,"s:63:2:212:Infinity":16,"f:71:10:71:25":6,"s:71:25:71:42":17,"f:83:10:83:21":7,"s:83:27:83:57":18,"f:101:31:101:36":8,"s:102:16:134:Infinity":19,"f:119:24:119:39":9,"s:119:39:119:60":20,"f:126:24:126:39":10,"s:126:39:126:60":21,"b:139:9:139:Infinity:140:10:142:Infinity":1,"b:149:29:149:39:149:39:149:Infinity":2,"f:158:20:158:30":11,"s:158:35:158:92":22,"f:158:35:158:47":12,"s:158:56:158:92":23,"f:167:20:167:30":13,"s:167:35:167:95":24,"f:167:35:167:47":14,"s:167:56:167:95":25,"f:170:39:170:43":15,"s:171:22:171:Infinity":26,"f:180:18:180:28":16,"s:180:33:180:92":27,"f:180:33:180:45":17,"s:180:54:180:92":28,"f:191:18:191:28":18,"s:191:33:191:89":29,"f:191:33:191:45":19,"s:191:54:191:89":30,"b:208:33:208:40:208:40:208:Infinity":3}}}
,"E:\\devhome\\trae_projects\\Showcase\\src\\features\\admin\\pages\\ResourcesAdminPage.tsx": {"path":"E:\\devhome\\trae_projects\\Showcase\\src\\features\\admin\\pages\\ResourcesAdminPage.tsx","statementMap":{"0":{"start":{"line":8,"column":28},"end":{"line":17,"column":null}},"1":{"start":{"line":20,"column":2},"end":{"line":20,"column":null}},"2":{"start":{"line":21,"column":50},"end":{"line":21,"column":78}},"3":{"start":{"line":23,"column":26},"end":{"line":30,"column":null}},"4":{"start":{"line":42,"column":4},"end":{"line":58,"column":4}},"5":{"start":{"line":48,"column":30},"end":{"line":48,"column":null}},"6":{"start":{"line":49,"column":32},"end":{"line":56,"column":null}},"7":{"start":{"line":57,"column":28},"end":{"line":57,"column":null}},"8":{"start":{"line":60,"column":8},"end":{"line":74,"column":null}},"9":{"start":{"line":61,"column":4},"end":{"line":61,"column":null}},"10":{"start":{"line":62,"column":17},"end":{"line":62,"column":76}},"11":{"start":{"line":62,"column":51},"end":{"line":62,"column":59}},"12":{"start":{"line":64,"column":23},"end":{"line":67,"column":null}},"13":{"start":{"line":69,"column":4},"end":{"line":72,"column":null}},"14":{"start":{"line":70,"column":6},"end":{"line":70,"column":null}},"15":{"start":{"line":72,"column":6},"end":{"line":72,"column":null}},"16":{"start":{"line":74,"column":4},"end":{"line":74,"column":null}},"17":{"start":{"line":77,"column":2},"end":{"line":270,"column":null}},"18":{"start":{"line":85,"column":25},"end":{"line":85,"column":42}},"19":{"start":{"line":97,"column":27},"end":{"line":97,"column":57}},"20":{"start":{"line":117,"column":16},"end":{"line":169,"column":null}},"21":{"start":{"line":154,"column":39},"end":{"line":154,"column":60}},"22":{"start":{"line":161,"column":39},"end":{"line":161,"column":60}},"23":{"start":{"line":193,"column":31},"end":{"line":193,"column":87}},"24":{"start":{"line":193,"column":52},"end":{"line":193,"column":87}},"25":{"start":{"line":202,"column":31},"end":{"line":202,"column":91}},"26":{"start":{"line":202,"column":52},"end":{"line":202,"column":91}},"27":{"start":{"line":206,"column":18},"end":{"line":206,"column":null}},"28":{"start":{"line":216,"column":29},"end":{"line":216,"column":84}},"29":{"start":{"line":216,"column":50},"end":{"line":216,"column":84}},"30":{"start":{"line":226,"column":29},"end":{"line":226,"column":92}},"31":{"start":{"line":226,"column":50},"end":{"line":226,"column":92}},"32":{"start":{"line":238,"column":31},"end":{"line":238,"column":87}},"33":{"start":{"line":238,"column":52},"end":{"line":238,"column":87}},"34":{"start":{"line":248,"column":31},"end":{"line":248,"column":91}},"35":{"start":{"line":248,"column":52},"end":{"line":248,"column":91}}},"fnMap":{"0":{"name":"ResourcesAdminPage","decl":{"start":{"line":19,"column":24},"end":{"line":19,"column":45}},"loc":{"start":{"line":19,"column":45},"end":{"line":270,"column":null}},"line":19},"1":{"name":"(anonymous_1)","decl":{"start":{"line":48,"column":4},"end":{"line":48,"column":30}},"loc":{"start":{"line":48,"column":30},"end":{"line":48,"column":null}},"line":48},"2":{"name":"(anonymous_2)","decl":{"start":{"line":49,"column":4},"end":{"line":49,"column":22}},"loc":{"start":{"line":49,"column":32},"end":{"line":56,"column":null}},"line":49},"3":{"name":"(anonymous_3)","decl":{"start":{"line":57,"column":4},"end":{"line":57,"column":19}},"loc":{"start":{"line":57,"column":28},"end":{"line":57,"column":null}},"line":57},"4":{"name":"(anonymous_4)","decl":{"start":{"line":60,"column":8},"end":{"line":60,"column":28}},"loc":{"start":{"line":60,"column":51},"end":{"line":74,"column":null}},"line":60},"5":{"name":"(anonymous_5)","decl":{"start":{"line":62,"column":42},"end":{"line":62,"column":46}},"loc":{"start":{"line":62,"column":51},"end":{"line":62,"column":59}},"line":62},"6":{"name":"(anonymous_6)","decl":{"start":{"line":85,"column":10},"end":{"line":85,"column":25}},"loc":{"start":{"line":85,"column":25},"end":{"line":85,"column":42}},"line":85},"7":{"name":"(anonymous_7)","decl":{"start":{"line":97,"column":10},"end":{"line":97,"column":21}},"loc":{"start":{"line":97,"column":27},"end":{"line":97,"column":57}},"line":97},"8":{"name":"(anonymous_8)","decl":{"start":{"line":116,"column":33},"end":{"line":116,"column":38}},"loc":{"start":{"line":117,"column":16},"end":{"line":169,"column":null}},"line":117},"9":{"name":"(anonymous_9)","decl":{"start":{"line":154,"column":24},"end":{"line":154,"column":39}},"loc":{"start":{"line":154,"column":39},"end":{"line":154,"column":60}},"line":154},"10":{"name":"(anonymous_10)","decl":{"start":{"line":161,"column":24},"end":{"line":161,"column":39}},"loc":{"start":{"line":161,"column":39},"end":{"line":161,"column":60}},"line":161},"11":{"name":"(anonymous_11)","decl":{"start":{"line":193,"column":16},"end":{"line":193,"column":26}},"loc":{"start":{"line":193,"column":31},"end":{"line":193,"column":87}},"line":193},"12":{"name":"(anonymous_12)","decl":{"start":{"line":193,"column":31},"end":{"line":193,"column":43}},"loc":{"start":{"line":193,"column":52},"end":{"line":193,"column":87}},"line":193},"13":{"name":"(anonymous_13)","decl":{"start":{"line":202,"column":16},"end":{"line":202,"column":26}},"loc":{"start":{"line":202,"column":31},"end":{"line":202,"column":91}},"line":202},"14":{"name":"(anonymous_14)","decl":{"start":{"line":202,"column":31},"end":{"line":202,"column":43}},"loc":{"start":{"line":202,"column":52},"end":{"line":202,"column":91}},"line":202},"15":{"name":"(anonymous_15)","decl":{"start":{"line":205,"column":37},"end":{"line":205,"column":41}},"loc":{"start":{"line":206,"column":18},"end":{"line":206,"column":null}},"line":206},"16":{"name":"(anonymous_16)","decl":{"start":{"line":216,"column":14},"end":{"line":216,"column":24}},"loc":{"start":{"line":216,"column":29},"end":{"line":216,"column":84}},"line":216},"17":{"name":"(anonymous_17)","decl":{"start":{"line":216,"column":29},"end":{"line":216,"column":41}},"loc":{"start":{"line":216,"column":50},"end":{"line":216,"column":84}},"line":216},"18":{"name":"(anonymous_18)","decl":{"start":{"line":226,"column":14},"end":{"line":226,"column":24}},"loc":{"start":{"line":226,"column":29},"end":{"line":226,"column":92}},"line":226},"19":{"name":"(anonymous_19)","decl":{"start":{"line":226,"column":29},"end":{"line":226,"column":41}},"loc":{"start":{"line":226,"column":50},"end":{"line":226,"column":92}},"line":226},"20":{"name":"(anonymous_20)","decl":{"start":{"line":238,"column":16},"end":{"line":238,"column":26}},"loc":{"start":{"line":238,"column":31},"end":{"line":238,"column":87}},"line":238},"21":{"name":"(anonymous_21)","decl":{"start":{"line":238,"column":31},"end":{"line":238,"column":43}},"loc":{"start":{"line":238,"column":52},"end":{"line":238,"column":87}},"line":238},"22":{"name":"(anonymous_22)","decl":{"start":{"line":248,"column":16},"end":{"line":248,"column":26}},"loc":{"start":{"line":248,"column":31},"end":{"line":248,"column":91}},"line":248},"23":{"name":"(anonymous_23)","decl":{"start":{"line":248,"column":31},"end":{"line":248,"column":43}},"loc":{"start":{"line":248,"column":52},"end":{"line":248,"column":91}},"line":248}},"branchMap":{"0":{"loc":{"start":{"line":69,"column":4},"end":{"line":72,"column":null}},"type":"if","locations":[{"start":{"line":69,"column":4},"end":{"line":72,"column":null}},{"start":{"line":71,"column":11},"end":{"line":72,"column":null}}],"line":69},"1":{"loc":{"start":{"line":130,"column":21},"end":{"line":137,"column":null}},"type":"cond-expr","locations":[{"start":{"line":131,"column":22},"end":{"line":135,"column":23}},{"start":{"line":135,"column":22},"end":{"line":137,"column":null}}],"line":130},"2":{"loc":{"start":{"line":174,"column":9},"end":{"line":177,"column":null}},"type":"binary-expr","locations":[{"start":{"line":174,"column":9},"end":{"line":174,"column":null}},{"start":{"line":175,"column":10},"end":{"line":177,"column":null}}],"line":174},"3":{"loc":{"start":{"line":184,"column":15},"end":{"line":184,"column":null}},"type":"cond-expr","locations":[{"start":{"line":184,"column":29},"end":{"line":184,"column":38}},{"start":{"line":184,"column":38},"end":{"line":184,"column":null}}],"line":184},"4":{"loc":{"start":{"line":266,"column":15},"end":{"line":266,"column":null}},"type":"cond-expr","locations":[{"start":{"line":266,"column":29},"end":{"line":266,"column":36}},{"start":{"line":266,"column":36},"end":{"line":266,"column":null}}],"line":266}},"s":{"0":0,"1":0,"2":0,"3":0,"4":0,"5":0,"6":0,"7":0,"8":0,"9":0,"10":0,"11":0,"12":0,"13":0,"14":0,"15":0,"16":0,"17":0,"18":0,"19":0,"20":0,"21":0,"22":0,"23":0,"24":0,"25":0,"26":0,"27":0,"28":0,"29":0,"30":0,"31":0,"32":0,"33":0,"34":0,"35":0},"f":{"0":0,"1":0,"2":0,"3":0,"4":0,"5":0,"6":0,"7":0,"8":0,"9":0,"10":0,"11":0,"12":0,"13":0,"14":0,"15":0,"16":0,"17":0,"18":0,"19":0,"20":0,"21":0,"22":0,"23":0},"b":{"0":[0,0],"1":[0,0],"2":[0,0],"3":[0,0],"4":[0,0]},"meta":{"lastBranch":5,"lastFunction":24,"lastStatement":36,"seen":{"s:8:28:17:Infinity":0,"f:19:24:19:45":0,"s:20:2:20:Infinity":1,"s:21:50:21:78":2,"s:23:26:30:Infinity":3,"s:42:4:58:4":4,"f:48:4:48:30":1,"s:48:30:48:Infinity":5,"f:49:4:49:22":2,"s:49:32:56:Infinity":6,"f:57:4:57:19":3,"s:57:28:57:Infinity":7,"s:60:8:74:Infinity":8,"f:60:8:60:28":4,"s:61:4:61:Infinity":9,"s:62:17:62:76":10,"f:62:42:62:46":5,"s:62:51:62:59":11,"s:64:23:67:Infinity":12,"b:69:4:72:Infinity:71:11:72:Infinity":0,"s:69:4:72:Infinity":13,"s:70:6:70:Infinity":14,"s:72:6:72:Infinity":15,"s:74:4:74:Infinity":16,"s:77:2:270:Infinity":17,"f:85:10:85:25":6,"s:85:25:85:42":18,"f:97:10:97:21":7,"s:97:27:97:57":19,"f:116:33:116:38":8,"s:117:16:169:Infinity":20,"b:131:22:135:23:135:22:137:Infinity":1,"f:154:24:154:39":9,"s:154:39:154:60":21,"f:161:24:161:39":10,"s:161:39:161:60":22,"b:174:9:174:Infinity:175:10:177:Infinity":2,"b:184:29:184:38:184:38:184:Infinity":3,"f:193:16:193:26":11,"s:193:31:193:87":23,"f:193:31:193:43":12,"s:193:52:193:87":24,"f:202:16:202:26":13,"s:202:31:202:91":25,"f:202:31:202:43":14,"s:202:52:202:91":26,"f:205:37:205:41":15,"s:206:18:206:Infinity":27,"f:216:14:216:24":16,"s:216:29:216:84":28,"f:216:29:216:41":17,"s:216:50:216:84":29,"f:226:14:226:24":18,"s:226:29:226:92":30,"f:226:29:226:41":19,"s:226:50:226:92":31,"f:238:16:238:26":20,"s:238:31:238:87":32,"f:238:31:238:43":21,"s:238:52:238:87":33,"f:248:16:248:26":22,"s:248:31:248:91":34,"f:248:31:248:43":23,"s:248:52:248:91":35,"b:266:29:266:36:266:36:266:Infinity":4}}}
[...]
line":555,"column":32},"end":{"line":555,"column":61}},"line":555},"62":{"name":"(anonymous_62)","decl":{"start":{"line":555,"column":37},"end":{"line":555,"column":44}},"loc":{"start":{"line":555,"column":49},"end":{"line":555,"column":61}},"line":555},"63":{"name":"(anonymous_63)","decl":{"start":{"line":558,"column":26},"end":{"line":558,"column":44}},"loc":{"start":{"line":558,"column":44},"end":{"line":565,"column":7}},"line":558},"64":{"name":"useData","decl":{"start":{"line":600,"column":16},"end":{"line":600,"column":26}},"loc":{"start":{"line":600,"column":26},"end":{"line":605,"column":null}},"line":600}},"branchMap":{"0":{"loc":{"start":{"line":371,"column":4},"end":{"line":372,"column":null}},"type":"if","locations":[{"start":{"line":371,"column":4},"end":{"line":372,"column":null}},{"start":{},"end":{}}],"line":371},"1":{"loc":{"start":{"line":445,"column":6},"end":{"line":445,"column":null}},"type":"cond-expr","locations":[{"start":{"line":445,"column":20},"end":{"line":445,"column":77}},{"start":{"line":445,"column":77},"end":{"line":445,"column":null}}],"line":445},"2":{"loc":{"start":{"line":466,"column":6},"end":{"line":466,"column":null}},"type":"cond-expr","locations":[{"start":{"line":466,"column":20},"end":{"line":466,"column":77}},{"start":{"line":466,"column":77},"end":{"line":466,"column":null}}],"line":466},"3":{"loc":{"start":{"line":487,"column":6},"end":{"line":487,"column":null}},"type":"cond-expr","locations":[{"start":{"line":487,"column":20},"end":{"line":487,"column":77}},{"start":{"line":487,"column":77},"end":{"line":487,"column":null}}],"line":487},"4":{"loc":{"start":{"line":508,"column":6},"end":{"line":508,"column":null}},"type":"cond-expr","locations":[{"start":{"line":508,"column":20},"end":{"line":508,"column":77}},{"start":{"line":508,"column":77},"end":{"line":508,"column":null}}],"line":508},"5":{"loc":{"start":{"line":529,"column":6},"end":{"line":529,"column":null}},"type":"cond-expr","locations":[{"start":{"line":529,"column":20},"end":{"line":529,"column":77}},{"start":{"line":529,"column":77},"end":{"line":529,"column":null}}],"line":529},"6":{"loc":{"start":{"line":550,"column":6},"end":{"line":550,"column":null}},"type":"cond-expr","locations":[{"start":{"line":550,"column":20},"end":{"line":550,"column":77}},{"start":{"line":550,"column":77},"end":{"line":550,"column":null}}],"line":550},"7":{"loc":{"start":{"line":602,"column":2},"end":{"line":603,"column":null}},"type":"if","locations":[{"start":{"line":602,"column":2},"end":{"line":603,"column":null}},{"start":{},"end":{}}],"line":602}},"s":{"0":3,"1":3,"2":3,"3":3,"4":3,"5":3,"6":3,"7":3,"8":60,"9":60,"10":60,"11":0,"12":0,"13":60,"14":65,"15":65,"16":0,"17":16,"18":10,"19":16,"20":10,"21":16,"22":10,"23":16,"24":10,"25":16,"26":10,"27":16,"28":10,"29":16,"30":13,"31":16,"32":12,"33":16,"34":10,"35":16,"36":10,"37":16,"38":10,"39":16,"40":10,"41":16,"42":2,"43":2,"44":2,"45":2,"46":16,"47":1,"48":1,"49":2,"50":16,"51":1,"52":1,"53":2,"54":16,"55":1,"56":1,"57":1,"58":1,"59":16,"60":0,"61":0,"62":0,"63":16,"64":1,"65":1,"66":2,"67":16,"68":0,"69":0,"70":0,"71":0,"72":16,"73":0,"74":0,"75":0,"76":16,"77":0,"78":0,"79":0,"80":16,"81":0,"82":0,"83":0,"84":0,"85":16,"86":0,"87":0,"88":0,"89":16,"90":0,"91":0,"92":0,"93":16,"94":0,"95":0,"96":0,"97":0,"98":16,"99":0,"100":0,"101":0,"102":16,"103":0,"104":0,"105":0,"106":16,"107":0,"108":0,"109":0,"110":0,"111":16,"112":0,"113":0,"114":0,"115":16,"116":0,"117":0,"118":0,"119":16,"120":1,"121":1,"122":1,"123":1,"124":1,"125":1,"126":16,"127":15,"128":15,"129":0,"130":15},"f":{"0":60,"1":65,"2":16,"3":10,"4":10,"5":10,"6":10,"7":10,"8":10,"9":13,"10":12,"11":10,"12":10,"13":10,"14":10,"15":2,"16":2,"17":1,"18":1,"19":2,"20":1,"21":1,"22":2,"23":1,"24":1,"25":0,"26":0,"27":0,"28":1,"29":1,"30":2,"31":0,"32":0,"33":0,"34":0,"35":0,"36":0,"37":0,"38":0,"39":0,"40":0,"41":0,"42":0,"43":0,"44":0,"45":0,"46":0,"47":0,"48":0,"49":0,"50":0,"51":0,"52":0,"53":0,"54":0,"55":0,"56":0,"57":0,"58":0,"59":0,"60":0,"61":0,"62":0,"63":1,"64":15},"b":{"0":[0,60],"1":[1,1],"2":[0,0],"3":[0,0],"4":[0,0],"5":[0,0],"6":[0,0],"7":[0,15]},"meta":{"lastBranch":8,"lastFunction":65,"lastStatement":131,"seen":{"s:62:32:82:Infinity":0,"s:85:33:107:Infinity":1,"s:110:37:128:Infinity":2,"s:131:39:150:Infinity":3,"s:153:41:175:Infinity":4,"s:178:60:320:Infinity":5,"s:322:21:329:Infinity":6,"s:366:6:366:63":7,"f:368:9:368:28":0,"s:369:2:375:Infinity":8,"s:370:19:370:44":9,"b:371:4:372:Infinity:undefined:undefined:undefined:undefined":0,"s:371:4:372:Infinity":10,"s:372:6:372:Infinity":11,"s:375:4:375:Infinity":12,"s:377:2:377:Infinity":13,"f:380:9:380:26":1,"s:381:2:384:Infinity":14,"s:382:4:382:Infinity":15,"s:384:4:384:Infinity":16,"f:388:16:388:29":2,"s:389:15:390:Infinity":17,"f:389:26:389:Infinity":3,"s:390:4:390:51":18,"s:392:16:393:Infinity":19,"f:392:28:392:Infinity":4,"s:393:4:393:53":20,"s:395:18:396:Infinity":21,"f:395:32:395:Infinity":5,"s:396:4:396:57":22,"s:398:19:399:Infinity":23,"f:398:34:398:Infinity":6,"s:399:4:399:59":24,"s:401:20:402:Infinity":25,"f:401:36:401:Infinity":7,"s:402:4:402:61":26,"s:404:27:405:Infinity":27,"f:404:50:404:Infinity":8,"s:405:4:405:75":28,"s:408:2:410:Infinity":29,"f:408:2:408:18":9,"s:409:4:409:Infinity":30,"s:412:2:414:Infinity":31,"f:412:2:412:18":10,"s:413:4:413:Infinity":32,"s:416:2:418:Infinity":33,"f:416:2:416:18":11,"s:417:4:417:Infinity":34,"s:420:2:422:Infinity":35,"f:420:2:420:18":12,"s:421:4:421:Infinity":36,"s:424:2:426:Infinity":37,"f:424:2:424:18":13,"s:425:4:425:Infinity":38,"s:428:2:430:Infinity":39,"f:428:2:428:18":14,"s:429:4:429:Infinity":40,"s:432:8:441:8":41,"f:432:18:432:31":15,"s:433:16:433:40":42,"s:434:30:439:Infinity":43,"s:440:4:440:Infinity":44,"f:440:4:440:12":16,"s:440:20:440:38":45,"s:443:8:447:8":46,"f:443:21:443:34":17,"s:444:4:446:Infinity":47,"f:444:4:444:12":18,"s:444:20:445:Infinity":48,"f:444:25:444:29":19,"s:445:6:445:Infinity":49,"b:445:20:445:77:445:77:445:Infinity":1,"s:449:8:451:8":50,"f:449:21:449:34":20,"s:450:4:450:Infinity":51,"f:450:4:450:12":21,"s:450:20:450:49":52,"f:450:25:450:32":22,"s:450:37:450:49":53,"s:453:8:462:8":54,"f:453:18:453:31":23,"s:454:16:454:40":55,"s:455:30:460:Infinity":56,"s:461:4:461:Infinity":57,"f:461:4:461:13":24,"s:461:21:461:39":58,"s:464:8:468:8":59,"f:464:21:464:34":25,"s:465:4:467:Infinity":60,"f:465:4:465:13":26,"s:465:21:466:Infinity":61,"f:465:26:465:30":27,"s:466:6:466:Infinity":62,"b:466:20:466:77:466:77:466:Infinity":2,"s:470:8:472:8":63,"f:470:21:470:34":28,"s:471:4:471:Infinity":64,"f:471:4:471:13":29,"s:471:21:471:50":65,"f:471:26:471:33":30,"s:471:38:471:50":66,"s:474:8:483:8":67,"f:474:20:474:33":31,"s:475:16:475:40":68,"s:476:32:481:Infinity":69,"s:482:4:482:Infinity":70,"f:482:4:482:15":32,"s:482:23:482:41":71,"s:485:8:489:8":72,"f:485:23:485:36":33,"s:486:4:488:Infinity":73,"f:486:4:486:15":34,"s:486:23:487:Infinity":74,"f:486:28:486:32":35,"s:487:6:487:Infinity":75,"b:487:20:487:77:487:77:487:Infinity":3,"s:491:8:493:8":76,"f:491:23:491:36":36,"s:492:4:492:Infinity":77,"f:492:4:492:15":37,"s:492:23:492:52":78,"f:492:28:492:35":38,"s:492:40:492:52":79,"s:495:8:504:8":80,"f:495:21:495:34":39,"s:496:16:496:40":81,"s:497:33:502:Infinity":82,"s:503:4:503:Infinity":83,"f:503:4:503:16":40,"s:503:24:503:42":84,"s:506:8:510:8":85,"f:506:24:506:37":41,"s:507:4:509:Infinity":86,"f:507:4:507:16":42,"s:507:24:508:Infinity":87,"f:507:29:507:33":43,"s:508:6:508:Infinity":88,"b:508:20:508:77:508:77:508:Infinity":4,"s:512:8:514:8":89,"f:512:24:512:37":44,"s:513:4:513:Infinity":90,"f:513:4:513:16":45,"s:513:24:513:53":91,"f:513:29:513:36":46,"s:513:41:513:53":92,"s:516:8:525:8":93,"f:516:22:516:35":47,"s:517:16:517:40":94,"s:518:34:523:Infinity":95,"s:524:4:524:Infinity":96,"f:524:4:524:17":48,"s:524:25:524:43":97,"s:527:8:531:8":98,"f:527:25:527:38":49,"s:528:4:530:Infinity":99,"f:528:4:528:17":50,"s:528:25:529:Infinity":100,"f:528:30:528:34":51,"s:529:6:529:Infinity":101,"b:529:20:529:77:529:77:529:Infinity":5,"s:533:8:535:8":102,"f:533:25:533:38":52,"s:534:4:534:Infinity":103,"f:534:4:534:17":53,"s:534:25:534:54":104,"f:534:30:534:37":54,"s:534:42:534:54":105,"s:537:8:546:8":106,"f:537:29:537:42":55,"s:538:16:538:40":107,"s:539:41:544:Infinity":108,"s:545:4:545:Infinity":109,"f:545:4:545:24":56,"s:545:32:545:50":110,"s:548:8:552:8":111,"f:548:32:548:45":57,"s:549:4:551:Infinity":112,"f:549:4:549:24":58,"s:549:32:550:Infinity":113,"f:549:37:549:41":59,"s:550:6:550:Infinity":114,"b:550:20:550:77:550:77:550:Infinity":6,"s:554:8:556:8":115,"f:554:32:554:45":60,"s:555:4:555:Infinity":116,"f:555:4:555:24":61,"s:555:32:555:61":117,"f:555:37:555:44":62,"s:555:49:555:61":118,"s:558:8:565:8":119,"f:558:26:558:44":63,"s:559:4:559:Infinity":120,"s:560:4:560:Infinity":121,"s:561:4:561:Infinity":122,"s:562:4:562:Infinity":123,"s:563:4:563:Infinity":124,"s:564:4:564:Infinity":125,"s:567:2:596:Infinity":126,"f:600:16:600:26":64,"s:601:8:601:41":127,"b:602:2:603:Infinity:undefined:undefined:undefined:undefined":7,"s:602:2:603:Infinity":128,"s:603:4:603:Infinity":129,"s:605:2:605:Infinity":130}}}
,"E:\\devhome\\trae_projects\\Showcase\\src\\shared\\hooks\\useDocumentTitle.ts": {"path":"E:\\devhome\\trae_projects\\Showcase\\src\\shared\\hooks\\useDocumentTitle.ts","statementMap":{"0":{"start":{"line":4,"column":2},"end":{"line":6,"column":null}},"1":{"start":{"line":5,"column":4},"end":{"line":5,"column":null}}},"fnMap":{"0":{"name":"useDocumentTitle","decl":{"start":{"line":3,"column":16},"end":{"line":3,"column":33}},"loc":{"start":{"line":3,"column":48},"end":{"line":6,"column":null}},"line":3},"1":{"name":"(anonymous_1)","decl":{"start":{"line":4,"column":2},"end":{"line":4,"column":18}},"loc":{"start":{"line":4,"column":18},"end":{"line":6,"column":6}},"line":4}},"branchMap":{},"s":{"0":6,"1":6},"f":{"0":6,"1":6},"b":{},"meta":{"lastBranch":0,"lastFunction":2,"lastStatement":2,"seen":{"f:3:16:3:33":0,"s:4:2:6:Infinity":0,"f:4:2:4:18":1,"s:5:4:5:Infinity":1}}}
,"E:\\devhome\\trae_projects\\Showcase\\src\\shared\\hooks\\useTheme.tsx": {"path":"E:\\devhome\\trae_projects\\Showcase\\src\\shared\\hooks\\useTheme.tsx","statementMap":{"0":{"start":{"line":3,"column":26},"end":{"line":3,"column":null}},"1":{"start":{"line":13,"column":6},"end":{"line":13,"column":75}},"2":{"start":{"line":16,"column":2},"end":{"line":17,"column":null}},"3":{"start":{"line":17,"column":4},"end":{"line":17,"column":null}},"4":{"start":{"line":19,"column":2},"end":{"line":19,"column":null}},"5":{"start":{"line":23,"column":2},"end":{"line":29,"column":null}},"6":{"start":{"line":24,"column":19},"end":{"line":24,"column":58}},"7":{"start":{"line":25,"column":4},"end":{"line":26,"column":null}},"8":{"start":{"line":26,"column":6},"end":{"line":26,"column":null}},"9":{"start":{"line":29,"column":4},"end":{"line":29,"column":null}},"10":{"start":{"line":31,"column":2},"end":{"line":31,"column":null}},"11":{"start":{"line":35,"column":2},"end":{"line":38,"column":null}},"12":{"start":{"line":36,"column":4},"end":{"line":36,"column":null}},"13":{"start":{"line":38,"column":4},"end":{"line":38,"column":null}},"14":{"start":{"line":43,"column":16},"end":{"line":46,"column":null}},"15":{"start":{"line":44,"column":19},"end":{"line":44,"column":35}},"16":{"start":{"line":45,"column":4},"end":{"line":45,"column":null}},"17":{"start":{"line":48,"column":2},"end":{"line":52,"column":null}},"18":{"start":{"line":49,"column":17},"end":{"line":49,"column":null}},"19":{"start":{"line":50,"column":4},"end":{"line":50,"column":null}},"20":{"start":{"line":51,"column":4},"end":{"line":51,"column":null}},"21":{"start":{"line":54,"column":2},"end":{"line":64,"column":null}},"22":{"start":{"line":55,"column":23},"end":{"line":55,"column":72}},"23":{"start":{"line":56,"column":10},"end":{"line":59,"column":null}},"24":{"start":{"line":57,"column":21},"end":{"line":57,"column":37}},"25":{"start":{"line":58,"column":6},"end":{"line":59,"column":null}},"26":{"start":{"line":59,"column":8},"end":{"line":59,"column":null}},"27":{"start":{"line":62,"column":4},"end":{"line":62,"column":null}},"28":{"start":{"line":63,"column":4},"end":{"line":63,"column":null}},"29":{"start":{"line":63,"column":17},"end":{"line":63,"column":71}},"30":{"start":{"line":66,"column":8},"end":{"line":67,"column":null}},"31":{"start":{"line":67,"column":4},"end":{"line":67,"column":null}},"32":{"start":{"line":67,"column":26},"end":{"line":67,"column":62}},"33":{"start":{"line":70,"column":8},"end":{"line":71,"column":null}},"34":{"start":{"line":71,"column":4},"end":{"line":71,"column":null}},"35":{"start":{"line":74,"column":2},"end":{"line":77,"column":null}},"36":{"start":{"line":82,"column":8},"end":{"line":82,"column":42}},"37":{"start":{"line":83,"column":2},"end":{"line":84,"column":null}},"38":{"start":{"line":84,"column":4},"end":{"line":84,"column":null}},"39":{"start":{"line":86,"column":2},"end":{"line":86,"column":null}}},"fnMap":{"0":{"name":"getSystemPreference","decl":{"start":{"line":15,"column":9},"end":{"line":15,"column":38}},"loc":{"start":{"line":15,"column":38},"end":{"line":19,"column":null}},"line":15},"1":{"name":"getStoredTheme","decl":{"start":{"line":22,"column":9},"end":{"line":22,"column":40}},"loc":{"start":{"line":22,"column":40},"end":{"line":31,"column":null}},"line":22},"2":{"name":"storeTheme","decl":{"start":{"line":34,"column":9},"end":{"line":34,"column":20}},"loc":{"start":{"line":34,"column":40},"end":{"line":38,"column":null}},"line":34},"3":{"name":"ThemeProvider","decl":{"start":{"line":42,"column":16},"end":{"line":42,"column":30}},"loc":{"start":{"line":42,"column":69},"end":{"line":77,"column":null}},"line":42},"4":{"name":"(anonymous_4)","decl":{"start":{"line":43,"column":33},"end":{"line":43,"column":55}},"loc":{"start":{"line":43,"column":55},"end":{"line":46,"column":null}},"line":43},"5":{"name":"(anonymous_5)","decl":{"start":{"line":48,"column":2},"end":{"line":48,"column":18}},"loc":{"start":{"line":48,"column":18},"end":{"line":52,"column":6}},"line":48},"6":{"name":"(anonymous_6)","decl":{"start":{"line":54,"column":2},"end":{"line":54,"column":18}},"loc":{"start":{"line":54,"column":18},"end":{"line":64,"column":7}},"line":54},"7":{"name":"(anonymous_7)","decl":{"start":{"line":56,"column":10},"end":{"line":56,"column":26}},"loc":{"start":{"line":56,"column":53},"end":{"line":59,"column":null}},"line":56},"8":{"name":"(anonymous_8)","decl":{"start":{"line":63,"column":4},"end":{"line":63,"column":17}},"loc":{"start":{"line":63,"column":17},"end":{"line":63,"column":71}},"line":63},"9":{"name":"(anonymous_9)","decl":{"start":{"line":66,"column":8},"end":{"line":66,"column":28}},"loc":{"start":{"line":66,"column":28},"end":{"line":67,"column":null}},"line":66},"10":{"name":"(anonymous_10)","decl":{"start":{"line":67,"column":4},"end":{"line":67,"column":18}},"loc":{"start":{"line":67,"column":26},"end":{"line":67,"column":62}},"line":67},"11":{"name":"(anonymous_11)","decl":{"start":{"line":70,"column":8},"end":{"line":70,"column":20}},"loc":{"start":{"line":70,"column":40},"end":{"line":71,"column":null}},"line":70},"12":{"name":"useTheme","decl":{"start":{"line":81,"column":16},"end":{"line":81,"column":27}},"loc":{"start":{"line":81,"column":27},"end":{"line":86,"column":null}},"line":81}},"branchMap":{"0":{"loc":{"start":{"line":16,"column":2},"end":{"line":17,"column":null}},"type":"if","locations":[{"start":{"line":16,"column":2},"end":{"line":17,"column":null}},{"start":{},"end":{}}],"line":16},"1":{"loc":{"start":{"line":16,"column":6},"end":{"line":16,"column":58}},"type":"binary-expr","locations":[{"start":{"line":16,"column":6},"end":{"line":16,"column":39}},{"start":{"line":16,"column":39},"end":{"line":16,"column":58}}],"line":16},"2":{"loc":{"start":{"line":17,"column":11},"end":{"line":17,"column":null}},"type":"cond-expr","locations":[{"start":{"line":17,"column":71},"end":{"line":17,"column":80}},{"start":{"line":17,"column":80},"end":{"line":17,"column":null}}],"line":17},"3":{"loc":{"start":{"line":25,"column":4},"end":{"line":26,"column":null}},"type":"if","locations":[{"start":{"line":25,"column":4},"end":{"line":26,"column":null}},{"start":{},"end":{}}],"line":25},"4":{"loc":{"start":{"line":25,"column":8},"end":{"line":25,"column":49}},"type":"binary-expr","locations":[{"start":{"line":25,"column":8},"end":{"line":25,"column":30}},{"start":{"line":25,"column":30},"end":{"line":25,"column":49}}],"line":25},"5":{"loc":{"start":{"line":45,"column":11},"end":{"line":45,"column":42}},"type":"binary-expr","locations":[{"start":{"line":45,"column":11},"end":{"line":45,"column":21}},{"start":{"line":45,"column":21},"end":{"line":45,"column":42}}],"line":45},"6":{"loc":{"start":{"line":58,"column":6},"end":{"line":59,"column":null}},"type":"if","locations":[{"start":{"line":58,"column":6},"end":{"line":59,"column":null}},{"start":{},"end":{}}],"line":58},"7":{"loc":{"start":{"line":59,"column":22},"end":{"line":59,"column":51}},"type":"cond-expr","locations":[{"start":{"line":59,"column":34},"end":{"line":59,"column":43}},{"start":{"line":59,"column":43},"end":{"line":59,"column":51}}],"line":59},"8":{"loc":{"start":{"line":67,"column":26},"end":{"line":67,"column":62}},"type":"cond-expr","locations":[{"start":{"line":67,"column":45},"end":{"line":67,"column":54}},{"start":{"line":67,"column":54},"end":{"line":67,"column":62}}],"line":67},"9":{"loc":{"start":{"line":83,"column":2},"end":{"line":84,"column":null}},"type":"if","locations":[{"start":{"line":83,"column":2},"end":{"line":84,"column":null}},{"start":{},"end":{}}],"line":83}},"s":{"0":3,"1":3,"2":7,"3":7,"4":0,"5":7,"6":7,"7":7,"8":0,"9":0,"10":7,"11":9,"12":9,"13":0,"14":10,"15":7,"16":7,"17":10,"18":9,"19":9,"20":9,"21":10,"22":7,"23":7,"24":0,"25":0,"26":0,"27":7,"28":7,"29":7,"30":10,"31":4,"32":4,"33":10,"34":0,"35":10,"36":6,"37":6,"38":0,"39":6},"f":{"0":7,"1":7,"2":9,"3":10,"4":7,"5":9,"6":7,"7":0,"8":7,"9":4,"10":4,"11":0,"12":6},"b":{"0":[7,0],"1":[7,7],"2":[0,7],"3":[0,7],"4":[7,7],"5":[7,7],"6":[0,0],"7":[0,0],"8":[3,1],"9":[0,6]},"meta":{"lastBranch":10,"lastFunction":13,"lastStatement":40,"seen":{"s:3:26:3:Infinity":0,"s:13:6:13:75":1,"f:15:9:15:38":0,"b:16:2:17:Infinity:undefined:undefined:undefined:undefined":0,"s:16:2:17:Infinity":2,"b:16:6:16:39:16:39:16:58":1,"s:17:4:17:Infinity":3,"b:17:71:17:80:17:80:17:Infinity":2,"s:19:2:19:Infinity":4,"f:22:9:22:40":1,"s:23:2:29:Infinity":5,"s:24:19:24:58":6,"b:25:4:26:Infinity:undefined:undefined:undefined:undefined":3,"s:25:4:26:Infinity":7,"b:25:8:25:30:25:30:25:49":4,"s:26:6:26:Infinity":8,"s:29:4:29:Infinity":9,"s:31:2:31:Infinity":10,"f:34:9:34:20":2,"s:35:2:38:Infinity":11,"s:36:4:36:Infinity":12,"s:38:4:38:Infinity":13,"f:42:16:42:30":3,"s:43:16:46:Infinity":14,"f:43:33:43:55":4,"s:44:19:44:35":15,"s:45:4:45:Infinity":16,"b:45:11:45:21:45:21:45:42":5,"s:48:2:52:Infinity":17,"f:48:2:48:18":5,"s:49:17:49:Infinity":18,"s:50:4:50:Infinity":19,"s:51:4:51:Infinity":20,"s:54:2:64:Infinity":21,"f:54:2:54:18":6,"s:55:23:55:72":22,"s:56:10:59:Infinity":23,"f:56:10:56:26":7,"s:57:21:57:37":24,"b:58:6:59:Infinity:undefined:undefined:undefined:undefined":6,"s:58:6:59:Infinity":25,"s:59:8:59:Infinity":26,"b:59:34:59:43:59:43:59:51":7,"s:62:4:62:Infinity":27,"s:63:4:63:Infinity":28,"f:63:4:63:17":8,"s:63:17:63:71":29,"s:66:8:67:Infinity":30,"f:66:8:66:28":9,"s:67:4:67:Infinity":31,"f:67:4:67:18":10,"s:67:26:67:62":32,"b:67:45:67:54:67:54:67:62":8,"s:70:8:71:Infinity":33,"f:70:8:70:20":11,"s:71:4:71:Infinity":34,"s:74:2:77:Infinity":35,"f:81:16:81:27":12,"s:82:8:82:42":36,"b:83:2:84:Infinity:undefined:undefined:undefined:undefined":9,"s:83:2:84:Infinity":37,"s:84:4:84:Infinity":38,"s:86:2:86:Infinity":39}}}
,"E:\\devhome\\trae_projects\\Showcase\\src\\shared\\types\\index.ts": {"path":"E:\\devhome\\trae_projects\\Showcase\\src\\shared\\types\\index.ts","statementMap":{},"fnMap":{},"branchMap":{},"s":{},"f":{},"b":{},"meta":{"lastBranch":0,"lastFunction":0,"lastStatement":0,"seen":{}}}
}
